<?xml version="1.0" encoding="utf-8"?><testsuites name="pytest tests"><testsuite name="pytest" errors="0" failures="1" skipped="0" tests="65" time="4.811" timestamp="2026-08-09T04:45:29.923493+00:00" hostname="agent-env-1c6bb7a7-4238-4cbe-a25a-3b41d26d1833"><testcase classname="tests.test_section_m" name="test_won_creates_booking_and_locks_lead" time="1.081" /><testcase classname="tests.test_section_m" name="test_lock_blocks_sales_exec_and_allows_cs" time="0.100" /><testcase classname="tests.test_section_m" name="test_public_booking_form_get_and_submit" time="0.101" /><testcase classname="tests.test_section_m" name="test_lost_sets_reason_and_releases" time="0.047" /><testcase classname="tests.test_section_m" name="test_bookings_list_and_show" time="0.077" /><testcase classname="tests.test_section_m" name="test_rbac_marketing_cannot_won" time="0.037" /><testcase classname="tests.test_section_m" name="test_rahul_can_initiate_won" time="0.061" /><testcase classname="tests.test_laravel_crm.TestAuth" name="test_admin_login_role_perms" time="0.243" /><testcase classname="tests.test_laravel_crm.TestAuth" name="test_me_endpoint" time="0.254" /><testcase classname="tests.test_laravel_crm.TestAuth" name="test_invalid_credentials_422" time="0.244" /><testcase classname="tests.test_laravel_crm.TestDashboard" name="test_dashboard_fields" time="0.014" /><testcase classname="tests.test_laravel_crm.TestLeadCapture" name="test_lead_created_with_new_lead_status" time="0.044" /><testcase classname="tests.test_laravel_crm.TestLeadCapture" name="test_verify_task_created" time="0.020" /><testcase classname="tests.test_laravel_crm.TestLeadCapture" name="test_missing_email_and_phone_422" time="0.008" /><testcase classname="tests.test_laravel_crm.TestDuplicate" name="test_duplicate_returns_409" time="0.009" /><testcase classname="tests.test_laravel_crm.TestDuplicate" name="test_duplicate_force" time="0.028" /><testcase classname="tests.test_laravel_crm.TestDuplicate" name="test_check_duplicate_endpoint" time="0.008" /><testcase classname="tests.test_laravel_crm.TestQualify" name="test_qualify_updates_score_status" time="0.027" /><testcase classname="tests.test_laravel_crm.TestTransition" name="test_transition_interested" time="0.022" /><testcase classname="tests.test_laravel_crm.TestTransition" name="test_automation_logs_status_changed" time="0.012" /><testcase classname="tests.test_laravel_crm.TestTransition" name="test_downgrade_blocked_for_exec" time="0.319" /><testcase classname="tests.test_laravel_crm.TestComms" name="test_call_log_no_answer" time="0.018" /><testcase classname="tests.test_laravel_crm.TestComms" name="test_whatsapp_mock" time="0.014" /><testcase classname="tests.test_laravel_crm.TestComms" name="test_email_mock" time="0.016" /><testcase classname="tests.test_laravel_crm.TestCallList" name="test_call_list_ordered" time="0.016" /><testcase classname="tests.test_laravel_crm.TestBulkImport" name="test_preview_and_commit" time="0.036" /><testcase classname="tests.test_laravel_crm" name="test_config_lists[/scoring-rules]" time="0.009" /><testcase classname="tests.test_laravel_crm" name="test_config_lists[/automation-rules]" time="0.008" /><testcase classname="tests.test_laravel_crm" name="test_config_lists[/templates]" time="0.008" /><testcase classname="tests.test_laravel_crm" name="test_config_lists[/sequences]" time="0.010" /><testcase classname="tests.test_laravel_crm" name="test_config_lists[/users]" time="0.009" /><testcase classname="tests.test_laravel_crm" name="test_config_lists[/roles]" time="0.008" /><testcase classname="tests.test_laravel_crm.TestWebhook" name="test_webhook_no_auth" time="0.024" /><testcase classname="tests.test_phase_b.TestInventory" name="test_tree_shape_and_counts" time="0.013" /><testcase classname="tests.test_phase_b.TestInventory" name="test_available_plots_only_available" time="0.022" /><testcase classname="tests.test_phase_b.TestPlotPhaseCrud" name="test_plot_create_update_delete_admin" time="0.055" /><testcase classname="tests.test_phase_b.TestPlotPhaseCrud" name="test_plot_create_forbidden_for_exec" time="0.022" /><testcase classname="tests.test_phase_b.TestPlotPhaseCrud" name="test_phase_create_update_admin" time="0.035" /><testcase classname="tests.test_phase_b.TestPlotPhaseCrud" name="test_phase_create_forbidden_for_exec" time="0.020" /><testcase classname="tests.test_phase_b.TestSlots" name="test_slots_shape" time="0.008" /><testcase classname="tests.test_phase_b.TestSiteVisitFlow" name="test_schedule_moves_lead_and_creates_task" time="0.111" /><testcase classname="tests.test_phase_b.TestSiteVisitFlow" name="test_slot_marked_unavailable_after_schedule" time="0.072" /><testcase classname="tests.test_phase_b.TestSiteVisitFlow" name="test_confirm_checkin_checkout" time="0.093" /><testcase classname="tests.test_phase_b.TestSiteVisitFlow" name="test_outcome_interested_handover_and_hold" time="0.126"><failure message="AssertionError: no handover task for lead 35&#10;assert False&#10; +  where False = any(&lt;generator object TestSiteVisitFlow.test_outcome_interested_handover_and_hold.&lt;locals&gt;.&lt;genexpr&gt; at 0xfc27e68386d0&gt;)">backend/tests/test_phase_b.py:259: in test_outcome_interested_handover_and_hold
    assert any(t.get("lead_id") == fresh_lead["id"]
E   AssertionError: no handover task for lead 35
E   assert False
E    +  where False = any(&lt;generator object TestSiteVisitFlow.test_outcome_interested_handover_and_hold.&lt;locals&gt;.&lt;genexpr&gt; at 0xfc27e68386d0&gt;)</failure></testcase><testcase classname="tests.test_phase_b.TestSiteVisitFlow" name="test_outcome_considering" time="0.098" /><testcase classname="tests.test_phase_b.TestSiteVisitFlow" name="test_outcome_not_interested" time="0.092" /><testcase classname="tests.test_phase_b.TestSiteVisitFlow" name="test_reschedule_escalation" time="0.135" /><testcase classname="tests.test_phase_b.TestSiteVisitFlow" name="test_no_show" time="0.101" /><testcase classname="tests.test_phase_b.TestSiteVisitFlow" name="test_cancel" time="0.066" /><testcase classname="tests.test_phase_b.TestSiteVisitList" name="test_upcoming_filter" time="0.012" /><testcase classname="tests.test_phase_b.TestSiteVisitList" name="test_filter_by_status" time="0.011" /><testcase classname="tests.test_section_l.TestPaymentPlans" name="test_list_seeded_plans" time="0.008" /><testcase classname="tests.test_section_l.TestPaymentPlans" name="test_admin_can_create_plan" time="0.010" /><testcase classname="tests.test_section_l.TestPaymentPlans" name="test_exec_forbidden_to_create_plan" time="0.009" /><testcase classname="tests.test_section_l.TestCostSheetMath" name="test_within_5_auto_approved" time="0.014" /><testcase classname="tests.test_section_l.TestCostSheetMath" name="test_over_5_pending_creates_approval" time="0.027" /><testcase classname="tests.test_section_l.TestCostSheetMath" name="test_over_10_band" time="0.017" /><testcase classname="tests.test_section_l.TestApprovalsAndProposals" name="test_proposal_gated_when_pending" time="0.026" /><testcase classname="tests.test_section_l.TestApprovalsAndProposals" name="test_exec_forbidden_to_decide" time="0.039" /><testcase classname="tests.test_section_l.TestApprovalsAndProposals" name="test_manager_approves" time="0.302" /><testcase classname="tests.test_section_l.TestApprovalsAndProposals" name="test_manager_rejects" time="0.040" /><testcase classname="tests.test_section_l.TestApprovalsAndProposals" name="test_counter_recomputes" time="0.051" /><testcase classname="tests.test_section_l.TestApprovalsAndProposals" name="test_full_proposal_flow" time="0.090" /><testcase classname="tests.test_section_l.TestSelectPlanShareList" name="test_select_plan_and_share" time="0.050" /><testcase classname="tests.test_section_l.TestSelectPlanShareList" name="test_lead_cost_sheet_listing" time="0.012" /></testsuite></testsuites>