<?xml version="1.0" encoding="utf-8"?><testsuites name="pytest tests"><testsuite name="pytest" errors="0" failures="2" skipped="0" tests="13" time="6.118" timestamp="2026-08-13T06:32:28.326096+00:00" hostname="agent-env-1c6bb7a7-4238-4cbe-a25a-3b41d26d1833"><testcase classname="tests.test_auth_session_security.TestLoginAndSession" name="test_login_returns_token" time="0.251" /><testcase classname="tests.test_auth_session_security.TestLoginAndSession" name="test_sessions_endpoint_shows_current_with_ip_ua" time="0.284" /><testcase classname="tests.test_auth_session_security.TestUnauthenticated" name="test_me_no_auth_returns_401" time="0.009" /><testcase classname="tests.test_auth_session_security.TestUnauthenticated" name="test_me_no_auth_no_accept_header_returns_401" time="0.008" /><testcase classname="tests.test_auth_session_security.TestUnauthenticated" name="test_me_bogus_token_returns_401" time="0.009" /><testcase classname="tests.test_auth_session_security.TestSlidingTTL" name="test_expires_at_slides_forward" time="3.359" /><testcase classname="tests.test_auth_session_security.TestLogout" name="test_logout_invalidates_token" time="0.267" /><testcase classname="tests.test_auth_session_security.TestLogout" name="test_logout_all_invalidates_all_tokens" time="0.528" /><testcase classname="tests.test_auth_session_security.TestForgotReset" name="test_forgot_password_generic_response_for_any_email" time="0.009"><failure message="AssertionError: admin@crm.local: 429 {&quot;message&quot;:&quot;Too Many Attempts.&quot;}&#10;assert 429 == 200&#10; +  where 429 = &lt;Response [429]&gt;.status_code">backend/tests/test_auth_session_security.py:143: in test_forgot_password_generic_response_for_any_email
    assert r.status_code == 200, f"{email}: {r.status_code} {r.text}"
E   AssertionError: admin@crm.local: 429 {"message":"Too Many Attempts."}
E   assert 429 == 200
E    +  where 429 = &lt;Response [429]&gt;.status_code</failure></testcase><testcase classname="tests.test_auth_session_security.TestForgotReset" name="test_reset_password_invalid_token_returns_422" time="0.011"><failure message="AssertionError: expected 422 got 429 {&quot;message&quot;:&quot;Too Many Attempts.&quot;}&#10;assert 429 == 422&#10; +  where 429 = &lt;Response [429]&gt;.status_code">backend/tests/test_auth_session_security.py:158: in test_reset_password_invalid_token_returns_422
    assert r.status_code == 422, f"expected 422 got {r.status_code} {r.text}"
E   AssertionError: expected 422 got 429 {"message":"Too Many Attempts."}
E   assert 429 == 422
E    +  where 429 = &lt;Response [429]&gt;.status_code</failure></testcase><testcase classname="tests.test_auth_session_security.TestDisableUser" name="test_disable_user_invalidates_token_then_reenable" time="0.796" /><testcase classname="tests.test_auth_session_security.TestNoRegression" name="test_sales_user_can_list_leads" time="0.268" /><testcase classname="tests.test_auth_session_security.TestNoRegression" name="test_admin_dashboard_endpoint" time="0.261" /></testsuite></testsuites>