<?xml version="1.0" encoding="utf-8"?><testsuites name="pytest tests"><testsuite name="pytest" errors="0" failures="0" skipped="0" tests="21" time="4.428" timestamp="2026-08-09T07:58:22.221549+00:00" hostname="agent-env-1c6bb7a7-4238-4cbe-a25a-3b41d26d1833"><testcase classname="tests.test_section_batch3_sla_role_referral.TestRoleHome" name="test_me_role[cs@crm.local-Demo@12345-post_sales]" time="0.530" /><testcase classname="tests.test_section_batch3_sla_role_referral.TestRoleHome" name="test_me_role[priya@crm.local-Demo@12345-sales_manager]" time="0.497" /><testcase classname="tests.test_section_batch3_sla_role_referral.TestRoleHome" name="test_me_role[partner@crm.local-Demo@12345-channel_partner]" time="0.492" /><testcase classname="tests.test_section_batch3_sla_role_referral.TestRoleHome" name="test_me_role[rahul@crm.local-Demo@12345-sales_exec]" time="0.495" /><testcase classname="tests.test_section_batch3_sla_role_referral.TestPartnerReferral" name="test_public_refer_success_and_attribution" time="3.065" /><testcase classname="tests.test_section_batch3_sla_role_referral.TestPartnerReferral" name="test_public_refer_bad_code_404" time="0.259" /><testcase classname="tests.test_section_batch3_sla_role_referral.TestPartnerReferral" name="test_web_refer_bad_code_404" time="0.257" /><testcase classname="tests.test_section_batch3_sla_role_referral.TestRoleHome" name="test_partner_collections_denied" time="1.578" /><testcase classname="tests.test_section_batch3_sla_role_referral.TestPartnerReferral" name="test_web_refer_valid_code_html" time="0.019" /><testcase classname="tests.test_section_batch3_sla_role_referral.TestRoleHome" name="test_partner_portal_accessible" time="0.018" /><testcase classname="tests.test_section_batch3_sla_role_referral.TestPartnerReferral" name="test_public_refer_missing_required_422" time="0.021" /><testcase classname="tests.test_section_batch3_sla_role_referral.TestRoleHome" name="test_exec_call_list_accessible" time="0.036" /><testcase classname="tests.test_section_batch3_sla_role_referral.TestPartnerReferral" name="test_partner_portal_isolation" time="0.055" /><testcase classname="tests.test_section_batch3_sla_role_referral.TestRoleHome" name="test_mgr_dashboard_accessible" time="0.023" /><testcase classname="tests.test_section_batch3_sla_role_referral.TestPartnerReferral" name="test_partner_still_403_on_leads_index" time="0.044" /><testcase classname="tests.test_section_batch3_sla_role_referral.TestSlaBoard" name="test_sla_board_manager_200" time="0.026" /><testcase classname="tests.test_section_batch3_sla_role_referral.TestSlaBoard" name="test_sla_board_bucket_correctness" time="0.053" /><testcase classname="tests.test_section_batch3_sla_role_referral.TestSlaBoard" name="test_sla_board_exec_200" time="0.021" /><testcase classname="tests.test_section_batch3_sla_role_referral.TestSlaBoard" name="test_sla_board_admin_200" time="0.021" /><testcase classname="tests.test_section_batch3_sla_role_referral.TestSlaBoard" name="test_sla_board_partner_403" time="0.009" /><testcase classname="tests.test_section_batch3_sla_role_referral.TestSlaBoard" name="test_sla_reassign_and_persist" time="0.055" /></testsuite></testsuites>