<?xml version="1.0" encoding="utf-8"?><testsuites name="pytest tests"><testsuite name="pytest" errors="0" failures="0" skipped="0" tests="19" time="6.816" timestamp="2026-08-17T10:08:31.982499+00:00" hostname="agent-env-1c6bb7a7-4238-4cbe-a25a-3b41d26d1833"><testcase classname="tests.test_bdm_opportunity_wave.TestCron" name="test_cron_unauthorized_missing" time="0.260" /><testcase classname="tests.test_bdm_opportunity_wave.TestCron" name="test_cron_unauthorized_wrong" time="0.277" /><testcase classname="tests.test_bdm_opportunity_wave.TestCron" name="test_cron_authorized" time="0.349" /><testcase classname="tests.test_bdm_opportunity_wave.TestCron" name="test_cron_idempotent" time="0.756" /><testcase classname="tests.test_bdm_opportunity_wave.TestDashboards" name="test_bde" time="2.254" /><testcase classname="tests.test_bdm_opportunity_wave.TestDashboards" name="test_bdm" time="0.378" /><testcase classname="tests.test_bdm_opportunity_wave.TestDashboards" name="test_admin" time="0.371" /><testcase classname="tests.test_bdm_opportunity_wave.TestDashboards" name="test_dashboard_forbidden_for_partner" time="0.378" /><testcase classname="tests.test_bdm_opportunity_wave.TestEngagementCadence" name="test_10_day_yields_5_sends_in_bdm_engagements" time="1.433" /><testcase classname="tests.test_bdm_opportunity_wave.TestBdeHandover" name="test_lead_moved_to_opp_not_contacted_and_bdm_owns" time="2.790" /><testcase classname="tests.test_bdm_opportunity_wave.TestBdeHandover" name="test_bdm_confirm_task_created" time="0.148" /><testcase classname="tests.test_bdm_opportunity_wave.TestBdeHandover" name="test_appears_in_opportunity_board" time="0.127" /><testcase classname="tests.test_bdm_opportunity_wave.TestOpportunityBoard" name="test_board_shape" time="0.110" /><testcase classname="tests.test_bdm_opportunity_wave.TestEngagementCadence" name="test_6_day_yields_3_sends" time="0.580" /><testcase classname="tests.test_bdm_opportunity_wave.TestOpportunityBoard" name="test_partner_denied" time="0.118" /><testcase classname="tests.test_bdm_opportunity_wave.TestTransitions" name="test_allowed_transition" time="0.178" /><testcase classname="tests.test_bdm_opportunity_wave.TestTransitions" name="test_illegal_transition" time="0.166" /><testcase classname="tests.test_bdm_opportunity_wave.TestEngagementCadence" name="test_engagement_stops_on_status_change" time="0.891" /><testcase classname="tests.test_bdm_opportunity_wave.TestAuth" name="test_all_logins" time="0.000" /></testsuite></testsuites>