<?xml version="1.0" encoding="utf-8"?><testsuites name="pytest tests"><testsuite name="pytest" errors="3" failures="7" skipped="0" tests="92" time="10.907" timestamp="2026-08-09T06:11:10.140883+00:00" hostname="agent-env-1c6bb7a7-4238-4cbe-a25a-3b41d26d1833"><testcase classname="tests.test_section_n.TestSectionN" name="test_login" time="0.553" /><testcase classname="tests.test_section_n.TestSectionN" name="test_won_verify_paytoken_confirms_booking" time="0.213" /><testcase classname="tests.test_phase_b.TestSiteVisitFlow" name="test_schedule_moves_lead_and_creates_task" time="0.788"><failure message="AssertionError: no 'Conduct site visit' task&#10;assert False&#10; +  where False = any(&lt;generator object TestSiteVisitFlow.test_schedule_moves_lead_and_creates_task.&lt;locals&gt;.&lt;genexpr&gt; at 0xfa81e14c26b0&gt;)">E   AssertionError: no 'Conduct site visit' task
    assert False
     +  where False = any(&lt;generator object TestSiteVisitFlow.test_schedule_moves_lead_and_creates_task.&lt;locals&gt;.&lt;genexpr&gt; at 0xfa81e14c26b0&gt;)</failure></testcase><testcase classname="tests.test_section_n.TestSectionN" name="test_pay_token_creates_receipt_and_welcome_and_checklist" time="0.237" /><testcase classname="tests.test_phase_b.TestSiteVisitFlow" name="test_slot_marked_unavailable_after_schedule" time="0.133" /><testcase classname="tests.test_phase_b.TestSiteVisitFlow" name="test_confirm_checkin_checkout" time="0.213" /><testcase classname="tests.test_section_n.TestSectionN" name="test_welcome_letter_idempotent" time="0.256" /><testcase classname="tests.test_phase_b.TestSiteVisitFlow" name="test_outcome_interested_handover_and_hold" time="0.252"><failure message="AssertionError: no handover task for lead 52&#10;assert False&#10; +  where False = any(&lt;generator object TestSiteVisitFlow.test_outcome_interested_handover_and_hold.&lt;locals&gt;.&lt;genexpr&gt; at 0xfa81e14c3880&gt;)">E   AssertionError: no handover task for lead 52
    assert False
     +  where False = any(&lt;generator object TestSiteVisitFlow.test_outcome_interested_handover_and_hold.&lt;locals&gt;.&lt;genexpr&gt; at 0xfa81e14c3880&gt;)</failure></testcase><testcase classname="tests.test_section_n.TestSectionN" name="test_record_milestone_payment_creates_serial_receipt" time="0.254" /><testcase classname="tests.test_phase_b.TestSiteVisitFlow" name="test_outcome_considering" time="0.195" /><testcase classname="tests.test_section_n.TestSectionN" name="test_verify_payment" time="0.271" /><testcase classname="tests.test_phase_b.TestSiteVisitFlow" name="test_outcome_not_interested" time="0.189" /><testcase classname="tests.test_section_n.TestSectionN" name="test_reconcile_matched_and_discrepancy" time="0.319" /><testcase classname="tests.test_phase_b.TestSiteVisitFlow" name="test_reschedule_escalation" time="0.279" /><testcase classname="tests.test_phase_b.TestSiteVisitFlow" name="test_no_show" time="0.157" /><testcase classname="tests.test_section_n.TestSectionN" name="test_reconciliation_dashboard" time="0.036" /><testcase classname="tests.test_section_n.TestSectionN" name="test_documents_update_flow" time="0.744" /><testcase classname="tests.test_phase_b.TestSiteVisitFlow" name="test_cancel" time="0.151" /><testcase classname="tests.test_section_n.TestSectionN" name="test_rahul_forbidden_from_postsales" time="1.056" /><testcase classname="tests.test_section_m" name="test_won_creates_booking_and_locks_lead" time="1.475"><failure message="assert False&#10; +  where False = any(&lt;generator object test_won_creates_booking_and_locks_lead.&lt;locals&gt;.&lt;genexpr&gt; at 0xfa81e13dc8b0&gt;)">E   assert False
     +  where False = any(&lt;generator object test_won_creates_booking_and_locks_lead.&lt;locals&gt;.&lt;genexpr&gt; at 0xfa81e13dc8b0&gt;)</failure></testcase><testcase classname="tests.test_section_m" name="test_lock_blocks_sales_exec_and_allows_cs" time="0.415" /><testcase classname="tests.test_section_n.TestSectionN" name="test_cs_can_record_but_not_create_leads" time="0.501" /><testcase classname="tests.test_section_m" name="test_public_booking_form_get_and_submit" time="0.297" /><testcase classname="tests.test_section_n.TestSectionN" name="test_regression_lead_locked_after_won" time="0.291" /><testcase classname="tests.test_section_m" name="test_lost_sets_reason_and_releases" time="0.092" /><testcase classname="tests.test_section_m" name="test_bookings_list_and_show" time="0.401" /><testcase classname="tests.test_laravel_crm" name="test_config_lists[/scoring-rules]" time="0.299" /><testcase classname="tests.test_laravel_crm" name="test_config_lists[/automation-rules]" time="0.019" /><testcase classname="tests.test_laravel_crm" name="test_config_lists[/templates]" time="0.035" /><testcase classname="tests.test_section_m" name="test_rbac_marketing_cannot_won" time="0.052" /><testcase classname="tests.test_laravel_crm" name="test_config_lists[/sequences]" time="0.018" /><testcase classname="tests.test_laravel_crm" name="test_config_lists[/users]" time="0.038" /><testcase classname="tests.test_section_m" name="test_rahul_can_initiate_won" time="0.080" /><testcase classname="tests.test_laravel_crm" name="test_config_lists[/roles]" time="0.040" /><testcase classname="tests.test_phase_b.TestPlotPhaseCrud" name="test_plot_create_update_delete_admin" time="0.382" /><testcase classname="tests.test_section_l.TestApprovalsAndProposals" name="test_proposal_gated_when_pending" time="0.082" /><testcase classname="tests.test_section_l.TestApprovalsAndProposals" name="test_exec_forbidden_to_decide" time="0.568" /><testcase classname="tests.test_phase_b.TestPlotPhaseCrud" name="test_plot_create_forbidden_for_exec" time="0.532" /><testcase classname="tests.test_section_l.TestApprovalsAndProposals" name="test_manager_approves" time="0.363" /><testcase classname="tests.test_phase_b.TestPlotPhaseCrud" name="test_phase_create_update_admin" time="0.082" /><testcase classname="tests.test_phase_b.TestPlotPhaseCrud" name="test_phase_create_forbidden_for_exec" time="0.046" /><testcase classname="tests.test_section_l.TestApprovalsAndProposals" name="test_manager_rejects" time="0.317" /><testcase classname="tests.test_section_l.TestApprovalsAndProposals" name="test_counter_recomputes" time="0.185" /><testcase classname="tests.test_section_opq.TestMilestones" name="test_schedule_generated_after_token" time="0.475" /><testcase classname="tests.test_section_l.TestApprovalsAndProposals" name="test_full_proposal_flow" time="0.408" /><testcase classname="tests.test_section_opq.TestMilestones" name="test_pay_milestone_neft" time="0.338" /><testcase classname="tests.test_section_opq.TestMilestones" name="test_pay_partial" time="0.562" /><testcase classname="tests.test_section_opq.TestAllotmentAndAFS" name="test_allotment_auto_at_10pct" time="0.510" /><testcase classname="tests.test_section_opq.TestAllotmentAndAFS" name="test_allotment_idempotent" time="0.270" /><testcase classname="tests.test_section_opq.TestMilestones" name="test_rbac_pay_requires_postsales_manage" time="0.288" /><testcase classname="tests.test_section_opq.TestDemandLetters" name="test_generate_and_interest" time="0.945" /><testcase classname="tests.test_section_opq.TestAllotmentAndAFS" name="test_afs_full_lifecycle" time="0.482" /><testcase classname="tests.test_section_opq.TestAllotmentAndAFS" name="test_afs_rbac" time="0.641" /><testcase classname="tests.test_section_opq.TestDemandLetters" name="test_422_on_not_overdue" time="0.257" /><testcase classname="tests.test_laravel_crm.TestAuth" name="test_admin_login_role_perms" time="0.061"><failure message="assert 429 == 200&#10; +  where 429 = &lt;Response [429]&gt;.status_code">E   assert 429 == 200
     +  where 429 = &lt;Response [429]&gt;.status_code</failure></testcase><testcase classname="tests.test_laravel_crm.TestAuth" name="test_me_endpoint" time="0.024" /><testcase classname="tests.test_section_opq.TestDemandLetters" name="test_deliver_and_escalate" time="0.623" /><testcase classname="tests.test_laravel_crm.TestAuth" name="test_invalid_credentials_422" time="0.007"><failure message="assert 429 == 422&#10; +  where 429 = &lt;Response [429]&gt;.status_code">E   assert 429 == 422
     +  where 429 = &lt;Response [429]&gt;.status_code</failure></testcase><testcase classname="tests.test_laravel_crm.TestLeadCapture" name="test_lead_created_with_new_lead_status" time="0.045" /><testcase classname="tests.test_laravel_crm.TestLeadCapture" name="test_verify_task_created" time="0.049"><failure message="AssertionError: no verify task for lead 72&#10;assert []">E   AssertionError: no verify task for lead 72
    assert []</failure></testcase><testcase classname="tests.test_laravel_crm.TestLeadCapture" name="test_missing_email_and_phone_422" time="0.017" /><testcase classname="tests.test_laravel_crm.TestTransition" name="test_transition_interested" time="0.075" /><testcase classname="tests.test_laravel_crm.TestTransition" name="test_automation_logs_status_changed" time="0.023" /><testcase classname="tests.test_laravel_crm.TestTransition" name="test_downgrade_blocked_for_exec" time="0.077" /><testcase classname="tests.test_laravel_crm.TestComms" name="test_call_log_no_answer" time="0.019" /><testcase classname="tests.test_laravel_crm.TestComms" name="test_whatsapp_mock" time="0.014" /><testcase classname="tests.test_laravel_crm.TestComms" name="test_email_mock" time="0.015" /><testcase classname="tests.test_section_l.TestPaymentPlans" name="test_list_seeded_plans" time="0.059" /><testcase classname="tests.test_section_l.TestPaymentPlans" name="test_admin_can_create_plan" time="0.010" /><testcase classname="tests.test_section_l.TestPaymentPlans" name="test_exec_forbidden_to_create_plan" time="0.010" /><testcase classname="tests.test_section_l.TestCostSheetMath" name="test_within_5_auto_approved" time="0.039" /><testcase classname="tests.test_section_l.TestCostSheetMath" name="test_over_5_pending_creates_approval" time="0.078" /><testcase classname="tests.test_section_l.TestCostSheetMath" name="test_over_10_band" time="0.026" /><testcase classname="tests.test_section_opq.TestDemandLetters" name="test_rbac_demand_mutations" time="0.460" /><testcase classname="tests.test_section_opq.TestCollections" name="test_dashboard_shape" time="0.014"><error message="failed on setup with &quot;requests.exceptions.HTTPError: 429 Client Error: Too Many Requests for url: http://127.0.0.1:8000/api/v1/auth/login&quot;">E   requests.exceptions.HTTPError: 429 Client Error: Too Many Requests for url: http://127.0.0.1:8000/api/v1/auth/login</error></testcase><testcase classname="tests.test_section_opq.TestCollections" name="test_exec_can_read_collections" time="0.036"><error message="failed on setup with &quot;requests.exceptions.HTTPError: 429 Client Error: Too Many Requests for url: http://127.0.0.1:8000/api/v1/auth/login&quot;">E   requests.exceptions.HTTPError: 429 Client Error: Too Many Requests for url: http://127.0.0.1:8000/api/v1/auth/login</error></testcase><testcase classname="tests.test_section_opq.TestCollections" name="test_overdue_aging_bucket" time="0.000"><error message="failed on setup with &quot;requests.exceptions.HTTPError: 429 Client Error: Too Many Requests for url: http://127.0.0.1:8000/api/v1/auth/login&quot;">E   requests.exceptions.HTTPError: 429 Client Error: Too Many Requests for url: http://127.0.0.1:8000/api/v1/auth/login</error></testcase><testcase classname="tests.test_phase_b.TestInventory" name="test_tree_shape_and_counts" time="0.038" /><testcase classname="tests.test_phase_b.TestInventory" name="test_available_plots_only_available" time="0.084" /><testcase classname="tests.test_phase_b.TestSiteVisitList" name="test_upcoming_filter" time="0.021" /><testcase classname="tests.test_phase_b.TestSiteVisitList" name="test_filter_by_status" time="0.012" /><testcase classname="tests.test_section_l.TestSelectPlanShareList" name="test_select_plan_and_share" time="0.058" /><testcase classname="tests.test_section_l.TestSelectPlanShareList" name="test_lead_cost_sheet_listing" time="0.059" /><testcase classname="tests.test_laravel_crm.TestDashboard" name="test_dashboard_fields" time="0.012" /><testcase classname="tests.test_laravel_crm.TestQualify" name="test_qualify_updates_score_status" time="0.026"><failure message="AssertionError: expected contacted, got interested&#10;assert 'interested' == 'contacted'&#10;  &#10;  - contacted&#10;  + interested">E   AssertionError: expected contacted, got interested
    assert 'interested' == 'contacted'
      
      - contacted
      + interested</failure></testcase><testcase classname="tests.test_laravel_crm.TestCallList" name="test_call_list_ordered" time="0.082" /><testcase classname="tests.test_laravel_crm.TestBulkImport" name="test_preview_and_commit" time="0.045" /><testcase classname="tests.test_laravel_crm.TestWebhook" name="test_webhook_no_auth" time="0.080" /><testcase classname="tests.test_laravel_crm.TestDuplicate" name="test_duplicate_returns_409" time="0.115" /><testcase classname="tests.test_phase_b.TestSlots" name="test_slots_shape" time="0.015" /><testcase classname="tests.test_laravel_crm.TestDuplicate" name="test_duplicate_force" time="0.032" /><testcase classname="tests.test_laravel_crm.TestDuplicate" name="test_check_duplicate_endpoint" time="0.009" /></testsuite></testsuites>