<?xml version="1.0" encoding="utf-8"?><testsuites name="pytest tests"><testsuite name="pytest" errors="0" failures="1" skipped="0" tests="141" time="19.398" timestamp="2026-08-09T07:33:43.174603+00:00" hostname="agent-env-1c6bb7a7-4238-4cbe-a25a-3b41d26d1833"><testcase classname="tests.test_section_n.TestSectionN" name="test_login" time="0.503" /><testcase classname="tests.test_section_n.TestSectionN" name="test_won_verify_paytoken_confirms_booking" time="0.196" /><testcase classname="tests.test_phase_b.TestSiteVisitFlow" name="test_schedule_moves_lead_and_creates_task" time="0.710" /><testcase classname="tests.test_section_n.TestSectionN" name="test_pay_token_creates_receipt_and_welcome_and_checklist" time="0.219" /><testcase classname="tests.test_phase_b.TestSiteVisitFlow" name="test_slot_marked_unavailable_after_schedule" time="0.130" /><testcase classname="tests.test_phase_b.TestSiteVisitFlow" name="test_confirm_checkin_checkout" time="0.212" /><testcase classname="tests.test_section_n.TestSectionN" name="test_welcome_letter_idempotent" time="0.247" /><testcase classname="tests.test_phase_b.TestSiteVisitFlow" name="test_outcome_interested_handover_and_hold" time="0.265" /><testcase classname="tests.test_section_n.TestSectionN" name="test_record_milestone_payment_creates_serial_receipt" time="0.235" /><testcase classname="tests.test_phase_b.TestSiteVisitFlow" name="test_outcome_considering" time="0.213" /><testcase classname="tests.test_section_n.TestSectionN" name="test_verify_payment" time="0.275" /><testcase classname="tests.test_phase_b.TestSiteVisitFlow" name="test_outcome_not_interested" time="0.157" /><testcase classname="tests.test_section_n.TestSectionN" name="test_reconcile_matched_and_discrepancy" time="0.283" /><testcase classname="tests.test_phase_b.TestSiteVisitFlow" name="test_reschedule_escalation" time="0.258" /><testcase classname="tests.test_section_n.TestSectionN" name="test_reconciliation_dashboard" time="0.032" /><testcase classname="tests.test_phase_b.TestSiteVisitFlow" name="test_no_show" time="0.166" /><testcase classname="tests.test_section_n.TestSectionN" name="test_documents_update_flow" time="0.512" /><testcase classname="tests.test_phase_b.TestSiteVisitFlow" name="test_cancel" time="0.118" /><testcase classname="tests.test_section_n.TestSectionN" name="test_rahul_forbidden_from_postsales" time="1.279" /><testcase classname="tests.test_section_m" name="test_won_creates_booking_and_locks_lead" time="1.464" /><testcase classname="tests.test_section_m" name="test_lock_blocks_sales_exec_and_allows_cs" time="0.429" /><testcase classname="tests.test_section_n.TestSectionN" name="test_cs_can_record_but_not_create_leads" time="0.483" /><testcase classname="tests.test_section_m" name="test_public_booking_form_get_and_submit" time="0.275" /><testcase classname="tests.test_section_n.TestSectionN" name="test_regression_lead_locked_after_won" time="0.262" /><testcase classname="tests.test_section_m" name="test_lost_sets_reason_and_releases" time="0.113" /><testcase classname="tests.test_section_m" name="test_bookings_list_and_show" time="0.384" /><testcase classname="tests.test_section_s.TestStatusChangedEvents" name="test_interested_creates_qualify_task_and_email" time="0.420" /><testcase classname="tests.test_section_m" name="test_rbac_marketing_cannot_won" time="0.059" /><testcase classname="tests.test_section_s.TestStatusChangedEvents" name="test_opportunity_creates_handover_task_and_email" time="0.151" /><testcase classname="tests.test_section_m" name="test_rahul_can_initiate_won" time="0.109" /><testcase classname="tests.test_laravel_crm" name="test_config_lists[/scoring-rules]" time="0.017" /><testcase classname="tests.test_laravel_crm" name="test_config_lists[/automation-rules]" time="0.023" /><testcase classname="tests.test_section_s.TestStatusChangedEvents" name="test_negotiation_creates_proposal_task_and_whatsapp" time="0.104" /><testcase classname="tests.test_laravel_crm" name="test_config_lists[/templates]" time="0.033" /><testcase classname="tests.test_laravel_crm" name="test_config_lists[/sequences]" time="0.029" /><testcase classname="tests.test_laravel_crm" name="test_config_lists[/users]" time="0.017" /><testcase classname="tests.test_laravel_crm" name="test_config_lists[/roles]" time="0.024" /><testcase classname="tests.test_section_s.TestStatusChangedEvents" name="test_won_creates_onboarding_task_and_email" time="0.133" /><testcase classname="tests.test_section_l.TestApprovalsAndProposals" name="test_proposal_gated_when_pending" time="0.107" /><testcase classname="tests.test_section_s.TestStatusChangedEvents" name="test_not_interested_pauses_sequence" time="0.344" /><testcase classname="tests.test_section_l.TestApprovalsAndProposals" name="test_exec_forbidden_to_decide" time="0.371" /><testcase classname="tests.test_section_s.TestStatusChangedEvents" name="test_lost_pauses_sequence" time="0.331" /><testcase classname="tests.test_section_l.TestApprovalsAndProposals" name="test_manager_approves" time="0.612" /><testcase classname="tests.test_section_s.TestStatusChangedEvents" name="test_no_failed_logs_across_events" time="0.016" /><testcase classname="tests.test_section_r.TestPartnerPortalScoping" name="test_partner_portal_ok" time="0.283" /><testcase classname="tests.test_section_l.TestApprovalsAndProposals" name="test_manager_rejects" time="0.078" /><testcase classname="tests.test_section_r.TestPartnerPortalScoping" name="test_partner_denied_leads" time="0.025" /><testcase classname="tests.test_section_r.TestPartnerPortalScoping" name="test_partner_denied_partners" time="0.017" /><testcase classname="tests.test_section_r.TestPartnerPortalScoping" name="test_partner_denied_commissions" time="0.019" /><testcase classname="tests.test_section_l.TestApprovalsAndProposals" name="test_counter_recomputes" time="0.330" /><testcase classname="tests.test_section_r.TestPartnerPortalScoping" name="test_admin_portal_404" time="0.286" /><testcase classname="tests.test_phase_b.TestPlotPhaseCrud" name="test_plot_create_update_delete_admin" time="0.125" /><testcase classname="tests.test_section_l.TestApprovalsAndProposals" name="test_full_proposal_flow" time="0.385" /><testcase classname="tests.test_phase_b.TestPlotPhaseCrud" name="test_plot_create_forbidden_for_exec" time="0.303" /><testcase classname="tests.test_phase_b.TestPlotPhaseCrud" name="test_phase_create_update_admin" time="0.343" /><testcase classname="tests.test_phase_b.TestPlotPhaseCrud" name="test_phase_create_forbidden_for_exec" time="0.086" /><testcase classname="tests.test_section_opq.TestMilestones" name="test_schedule_generated_after_token" time="0.447" /><testcase classname="tests.test_section_opq.TestMilestones" name="test_pay_milestone_neft" time="0.593" /><testcase classname="tests.test_section_opq.TestMilestones" name="test_pay_partial" time="0.498" /><testcase classname="tests.test_section_opq.TestAllotmentAndAFS" name="test_allotment_auto_at_10pct" time="0.686" /><testcase classname="tests.test_section_opq.TestAllotmentAndAFS" name="test_allotment_idempotent" time="0.060" /><testcase classname="tests.test_section_opq.TestAllotmentAndAFS" name="test_afs_full_lifecycle" time="0.670" /><testcase classname="tests.test_section_opq.TestMilestones" name="test_rbac_pay_requires_postsales_manage" time="0.307" /><testcase classname="tests.test_section_opq.TestDemandLetters" name="test_generate_and_interest" time="0.948" /><testcase classname="tests.test_section_opq.TestAllotmentAndAFS" name="test_afs_rbac" time="0.531" /><testcase classname="tests.test_section_r.TestChannelPartnerCommission" name="test_partner_seeded" time="0.399" /><testcase classname="tests.test_section_r.TestChannelPartnerCommission" name="test_partner_lead_won_creates_commission" time="0.127" /><testcase classname="tests.test_section_opq.TestDemandLetters" name="test_422_on_not_overdue" time="0.222" /><testcase classname="tests.test_section_r.TestChannelPartnerCommission" name="test_commissions_admin_list_and_approve_pay" time="0.095" /><testcase classname="tests.test_section_opq.TestDemandLetters" name="test_deliver_and_escalate" time="1.268" /><testcase classname="tests.test_section_r.TestChannelPartnerCommission" name="test_exec_cannot_manage_commissions" time="0.295" /><testcase classname="tests.test_section_r.TestSectionR_DNC_Invalid_Consent" name="test_dnc_marks_and_pauses" time="0.081" /><testcase classname="tests.test_section_r.TestSectionR_DNC_Invalid_Consent" name="test_invalid_spam_marks_and_transitions" time="0.101" /><testcase classname="tests.test_section_r.TestSectionR_DNC_Invalid_Consent" name="test_consent_update" time="0.038" /><testcase classname="tests.test_section_r.TestSectionR_DNC_Invalid_Consent" name="test_dnc_requires_leads_edit" time="0.462" /><testcase classname="tests.test_laravel_crm.TestAuth" name="test_admin_login_role_perms" time="0.261" /><testcase classname="tests.test_laravel_crm.TestAuth" name="test_me_endpoint" time="0.024" /><testcase classname="tests.test_laravel_crm.TestAuth" name="test_invalid_credentials_422" time="0.256" /><testcase classname="tests.test_section_opq.TestDemandLetters" name="test_rbac_demand_mutations" time="0.734" /><testcase classname="tests.test_laravel_crm.TestLeadCapture" name="test_lead_created_with_new_lead_status" time="0.101" /><testcase classname="tests.test_laravel_crm.TestLeadCapture" name="test_verify_task_created" time="0.031"><failure message="AssertionError: no verify task for lead 50&#10;assert []">E   AssertionError: no verify task for lead 50
    assert []</failure></testcase><testcase classname="tests.test_laravel_crm.TestLeadCapture" name="test_missing_email_and_phone_422" time="0.056" /><testcase classname="tests.test_laravel_crm.TestDuplicate" name="test_duplicate_returns_409" time="0.018" /><testcase classname="tests.test_laravel_crm.TestDuplicate" name="test_duplicate_force" time="0.031" /><testcase classname="tests.test_laravel_crm.TestDuplicate" name="test_check_duplicate_endpoint" time="0.009" /><testcase classname="tests.test_laravel_crm.TestTransition" name="test_transition_interested" time="0.023" /><testcase classname="tests.test_laravel_crm.TestTransition" name="test_automation_logs_status_changed" time="0.063" /><testcase classname="tests.test_laravel_crm.TestTransition" name="test_downgrade_blocked_for_exec" time="0.122" /><testcase classname="tests.test_laravel_crm.TestComms" name="test_call_log_no_answer" time="0.018" /><testcase classname="tests.test_laravel_crm.TestComms" name="test_whatsapp_mock" time="0.021" /><testcase classname="tests.test_section_r2_automation.TestAutomationCRUD" name="test_index_ok" time="0.020" /><testcase classname="tests.test_laravel_crm.TestComms" name="test_email_mock" time="0.049" /><testcase classname="tests.test_section_r2_automation.TestAutomationCRUD" name="test_exec_forbidden_on_create" time="0.049" /><testcase classname="tests.test_section_l.TestPaymentPlans" name="test_list_seeded_plans" time="0.015" /><testcase classname="tests.test_section_r2_automation.TestAutomationCRUD" name="test_crud_lifecycle" time="0.358" /><testcase classname="tests.test_section_l.TestPaymentPlans" name="test_admin_can_create_plan" time="0.017" /><testcase classname="tests.test_section_l.TestPaymentPlans" name="test_exec_forbidden_to_create_plan" time="0.015" /><testcase classname="tests.test_section_r2_automation.TestAutomationCRUD" name="test_created_rule_fires_on_status_change" time="1.291" /><testcase classname="tests.test_section_opq.TestCollections" name="test_dashboard_shape" time="0.460" /><testcase classname="tests.test_section_opq.TestCollections" name="test_exec_can_read_collections" time="0.271" /><testcase classname="tests.test_section_opq.TestCollections" name="test_overdue_aging_bucket" time="0.576" /><testcase classname="tests.test_section_r2_automation.TestStakeholders" name="test_add_and_primary_demotes" time="0.048" /><testcase classname="tests.test_section_r2_automation.TestStakeholders" name="test_remove_by_index" time="0.066" /><testcase classname="tests.test_section_r2_automation.TestStakeholders" name="test_exec_can_add_stakeholder" time="0.038" /><testcase classname="tests.test_section_r2_automation.TestConcurrencyDedup" name="test_parallel_identical_creates_collapse_to_one" time="0.104" /><testcase classname="tests.test_section_r2_automation.TestConcurrencyDedup" name="test_sequential_duplicate_blocked" time="0.049" /><testcase classname="tests.test_section_l.TestCostSheetMath" name="test_within_5_auto_approved" time="0.019" /><testcase classname="tests.test_section_r2_automation.TestConcurrencyDedup" name="test_force_duplicate_creates_new" time="0.082" /><testcase classname="tests.test_section_l.TestCostSheetMath" name="test_over_5_pending_creates_approval" time="0.080" /><testcase classname="tests.test_section_t.TestAuditLogs" name="test_audit_index_shape" time="0.017" /><testcase classname="tests.test_section_l.TestCostSheetMath" name="test_over_10_band" time="0.023" /><testcase classname="tests.test_section_t.TestAuditLogs" name="test_audit_generated_by_lead_action" time="0.091" /><testcase classname="tests.test_phase_b.TestInventory" name="test_tree_shape_and_counts" time="0.036" /><testcase classname="tests.test_phase_b.TestInventory" name="test_available_plots_only_available" time="0.048" /><testcase classname="tests.test_section_t.TestAuditLogs" name="test_audit_filter_action" time="0.020" /><testcase classname="tests.test_section_l.TestSelectPlanShareList" name="test_select_plan_and_share" time="0.346" /><testcase classname="tests.test_phase_b.TestSiteVisitList" name="test_upcoming_filter" time="0.026" /><testcase classname="tests.test_phase_b.TestSiteVisitList" name="test_filter_by_status" time="0.017" /><testcase classname="tests.test_section_l.TestSelectPlanShareList" name="test_lead_cost_sheet_listing" time="0.256" /><testcase classname="tests.test_section_r.TestPaymentFail" name="test_payment_fail_reverts_milestone" time="2.392" /><testcase classname="tests.test_section_r.TestBookingCancel" name="test_cancel_releases_plot_and_cancels_milestones" time="0.688" /><testcase classname="tests.test_section_r.TestBookingCancel" name="test_cancel_requires_postsales_manage" time="0.427" /><testcase classname="tests.test_section_t.TestSystemHealth" name="test_health_shape" time="0.011" /><testcase classname="tests.test_section_t.TestSystemHealth" name="test_health_integrations_all_mock" time="0.010" /><testcase classname="tests.test_section_t.TestRbac" name="test_marketing_can_access_all_three" time="0.443" /><testcase classname="tests.test_section_t.TestRbac" name="test_sales_exec_forbidden" time="0.055" /><testcase classname="tests.test_laravel_crm.TestDashboard" name="test_dashboard_fields" time="0.011" /><testcase classname="tests.test_laravel_crm.TestQualify" name="test_qualify_updates_score_status" time="0.081" /><testcase classname="tests.test_laravel_crm.TestCallList" name="test_call_list_ordered" time="0.026" /><testcase classname="tests.test_laravel_crm.TestBulkImport" name="test_preview_and_commit" time="0.091" /><testcase classname="tests.test_laravel_crm.TestWebhook" name="test_webhook_no_auth" time="0.291" /><testcase classname="tests.test_section_r.TestPaymentFail" name="test_payment_fail_requires_postsales_manage" time="0.304" /><testcase classname="tests.test_phase_b.TestSlots" name="test_slots_shape" time="0.015" /><testcase classname="tests.test_section_s.TestSlaEscalation" name="test_verify_task_2h_breach_escalates_to_manager" time="1.069" /><testcase classname="tests.test_section_r.TestWhatsAppSuppression" name="test_whatsapp_service_skips_dnc" time="0.665" /><testcase classname="tests.test_section_r.TestOverdueNudge" name="test_overdue_nudge_and_demand_letter" time="1.111" /><testcase classname="tests.test_section_s.TestSlaEscalation" name="test_overdue_follow_up_escalates_to_manager" time="0.768" /><testcase classname="tests.test_section_r2_automation.TestSwitchProject" name="test_switch_project_updates_and_audits" time="0.131" /><testcase classname="tests.test_section_r2_automation.TestInterestedUnits" name="test_set_and_dedup" time="0.086" /><testcase classname="tests.test_section_s.TestLeadCreatedEvent" name="test_lead_created_fires_welcome_whatsapp_and_verify_task" time="0.082" /><testcase classname="tests.test_section_t.TestPerformance" name="test_performance_shape" time="0.034" /></testsuite></testsuites>