<?xml version="1.0" encoding="utf-8"?><testsuites name="pytest tests"><testsuite name="pytest" errors="0" failures="0" skipped="0" tests="12" time="3.280" timestamp="2026-08-09T22:51:36.971023+00:00" hostname="agent-env-1c6bb7a7-4238-4cbe-a25a-3b41d26d1833"><testcase classname="tests.test_integrations_hub.TestRBAC" name="test_admin_can_list" time="0.259" /><testcase classname="tests.test_integrations_hub.TestRBAC" name="test_process_admin_can_list" time="1.256" /><testcase classname="tests.test_integrations_hub.TestRBAC" name="test_bde_forbidden" time="1.256" /><testcase classname="tests.test_integrations_hub.TestRegistryShape" name="test_meta_fields" time="0.010" /><testcase classname="tests.test_integrations_hub.TestRegistryShape" name="test_google_fields" time="0.009" /><testcase classname="tests.test_integrations_hub.TestRegistryShape" name="test_mcube_fields" time="0.009" /><testcase classname="tests.test_integrations_hub.TestSaveAndMasking" name="test_save_meta_and_mask" time="0.018" /><testcase classname="tests.test_integrations_hub.TestSaveAndMasking" name="test_update_keeps_secret_when_blank" time="0.018" /><testcase classname="tests.test_integrations_hub.TestToggleGuard" name="test_toggle_unconfigured_blocked" time="0.010" /><testcase classname="tests.test_integrations_hub.TestToggleGuard" name="test_toggle_configured_ok" time="0.022" /><testcase classname="tests.test_integrations_hub.TestLiveMetaTest" name="test_meta_test_fails_with_fake" time="0.145" /><testcase classname="tests.test_integrations_hub.TestCleanup" name="test_cleanup_rows" time="0.224" /></testsuite></testsuites>