<?xml version="1.0" encoding="utf-8"?><testsuites name="pytest tests"><testsuite name="pytest" errors="0" failures="2" skipped="0" tests="119" time="16.751" timestamp="2026-08-09T06:50:13.936909+00:00" hostname="agent-env-1c6bb7a7-4238-4cbe-a25a-3b41d26d1833"><testcase classname="tests.test_section_n.TestSectionN" name="test_login" time="0.528" /><testcase classname="tests.test_section_n.TestSectionN" name="test_won_verify_paytoken_confirms_booking" time="0.194" /><testcase classname="tests.test_phase_b.TestSiteVisitFlow" name="test_schedule_moves_lead_and_creates_task" time="0.732" /><testcase classname="tests.test_section_n.TestSectionN" name="test_pay_token_creates_receipt_and_welcome_and_checklist" time="0.222" /><testcase classname="tests.test_phase_b.TestSiteVisitFlow" name="test_slot_marked_unavailable_after_schedule" time="0.137" /><testcase classname="tests.test_phase_b.TestSiteVisitFlow" name="test_confirm_checkin_checkout" time="0.199" /><testcase classname="tests.test_section_n.TestSectionN" name="test_welcome_letter_idempotent" time="0.238" /><testcase classname="tests.test_phase_b.TestSiteVisitFlow" name="test_outcome_interested_handover_and_hold" time="0.243" /><testcase classname="tests.test_section_n.TestSectionN" name="test_record_milestone_payment_creates_serial_receipt" time="0.212" /><testcase classname="tests.test_phase_b.TestSiteVisitFlow" name="test_outcome_considering" time="0.193" /><testcase classname="tests.test_section_n.TestSectionN" name="test_verify_payment" time="0.261" /><testcase classname="tests.test_phase_b.TestSiteVisitFlow" name="test_outcome_not_interested" time="0.163" /><testcase classname="tests.test_section_n.TestSectionN" name="test_reconcile_matched_and_discrepancy" time="0.289" /><testcase classname="tests.test_phase_b.TestSiteVisitFlow" name="test_reschedule_escalation" time="0.264" /><testcase classname="tests.test_section_n.TestSectionN" name="test_reconciliation_dashboard" time="0.035" /><testcase classname="tests.test_phase_b.TestSiteVisitFlow" name="test_no_show" time="0.168" /><testcase classname="tests.test_section_n.TestSectionN" name="test_documents_update_flow" time="0.506" /><testcase classname="tests.test_phase_b.TestSiteVisitFlow" name="test_cancel" time="0.121" /><testcase classname="tests.test_section_n.TestSectionN" name="test_rahul_forbidden_from_postsales" time="1.272" /><testcase classname="tests.test_section_m" name="test_won_creates_booking_and_locks_lead" time="1.454" /><testcase classname="tests.test_section_m" name="test_lock_blocks_sales_exec_and_allows_cs" time="0.412" /><testcase classname="tests.test_section_n.TestSectionN" name="test_cs_can_record_but_not_create_leads" time="0.464" /><testcase classname="tests.test_section_m" name="test_public_booking_form_get_and_submit" time="0.257" /><testcase classname="tests.test_section_n.TestSectionN" name="test_regression_lead_locked_after_won" time="0.231" /><testcase classname="tests.test_section_m" name="test_lost_sets_reason_and_releases" time="0.093" /><testcase classname="tests.test_section_m" name="test_bookings_list_and_show" time="0.354" /><testcase classname="tests.test_laravel_crm" name="test_config_lists[/scoring-rules]" time="0.313" /><testcase classname="tests.test_laravel_crm" name="test_config_lists[/automation-rules]" time="0.019" /><testcase classname="tests.test_laravel_crm" name="test_config_lists[/templates]" time="0.015" /><testcase classname="tests.test_laravel_crm" name="test_config_lists[/sequences]" time="0.034" /><testcase classname="tests.test_section_m" name="test_rbac_marketing_cannot_won" time="0.050" /><testcase classname="tests.test_laravel_crm" name="test_config_lists[/users]" time="0.017" /><testcase classname="tests.test_laravel_crm" name="test_config_lists[/roles]" time="0.034" /><testcase classname="tests.test_section_m" name="test_rahul_can_initiate_won" time="0.070" /><testcase classname="tests.test_section_r.TestPartnerPortalScoping" name="test_partner_portal_ok" time="0.309" /><testcase classname="tests.test_section_l.TestApprovalsAndProposals" name="test_proposal_gated_when_pending" time="0.318" /><testcase classname="tests.test_section_r.TestPartnerPortalScoping" name="test_partner_denied_leads" time="0.029"><failure message="AssertionError: assert 200 == 403&#10; +  where 200 = &lt;Response [200]&gt;.status_code&#10; +    where &lt;Response [200]&gt; = &lt;function get at 0xfecd38898720&gt;('http://127.0.0.1:8000/api/v1/leads', headers={'Authorization': 'Bearer 10|IA9DKeAiug5mkazMNcunjFnnRrf7W7NRgVC6q4Cu44d44dd6', 'Accept': 'application/json'})&#10; +      where &lt;function get at 0xfecd38898720&gt; = requests.get&#10; +      and   {'Authorization': 'Bearer 10|IA9DKeAiug5mkazMNcunjFnnRrf7W7NRgVC6q4Cu44d44dd6', 'Accept': 'application/json'} = _h('10|IA9DKeAiug5mkazMNcunjFnnRrf7W7NRgVC6q4Cu44d44dd6')">E   AssertionError: assert 200 == 403
     +  where 200 = &lt;Response [200]&gt;.status_code
     +    where &lt;Response [200]&gt; = &lt;function get at 0xfecd38898720&gt;('http://127.0.0.1:8000/api/v1/leads', headers={'Authorization': 'Bearer 10|IA9DKeAiug5mkazMNcunjFnnRrf7W7NRgVC6q4Cu44d44dd6', 'Accept': 'application/json'})
     +      where &lt;function get at 0xfecd38898720&gt; = requests.get
     +      and   {'Authorization': 'Bearer 10|IA9DKeAiug5mkazMNcunjFnnRrf7W7NRgVC6q4Cu44d44dd6', 'Accept': 'application/json'} = _h('10|IA9DKeAiug5mkazMNcunjFnnRrf7W7NRgVC6q4Cu44d44dd6')</failure></testcase><testcase classname="tests.test_section_r.TestPartnerPortalScoping" name="test_partner_denied_partners" time="0.015" /><testcase classname="tests.test_section_r.TestPartnerPortalScoping" name="test_partner_denied_commissions" time="0.253" /><testcase classname="tests.test_section_l.TestApprovalsAndProposals" name="test_exec_forbidden_to_decide" time="0.559" /><testcase classname="tests.test_section_r.TestPartnerPortalScoping" name="test_admin_portal_404" time="0.288" /><testcase classname="tests.test_phase_b.TestPlotPhaseCrud" name="test_plot_create_update_delete_admin" time="0.355" /><testcase classname="tests.test_section_l.TestApprovalsAndProposals" name="test_manager_approves" time="0.354" /><testcase classname="tests.test_section_l.TestApprovalsAndProposals" name="test_manager_rejects" time="0.311" /><testcase classname="tests.test_phase_b.TestPlotPhaseCrud" name="test_plot_create_forbidden_for_exec" time="0.306" /><testcase classname="tests.test_phase_b.TestPlotPhaseCrud" name="test_phase_create_update_admin" time="0.066" /><testcase classname="tests.test_section_l.TestApprovalsAndProposals" name="test_counter_recomputes" time="0.095" /><testcase classname="tests.test_phase_b.TestPlotPhaseCrud" name="test_phase_create_forbidden_for_exec" time="0.049" /><testcase classname="tests.test_section_l.TestApprovalsAndProposals" name="test_full_proposal_flow" time="0.455" /><testcase classname="tests.test_section_opq.TestMilestones" name="test_schedule_generated_after_token" time="0.457" /><testcase classname="tests.test_section_opq.TestMilestones" name="test_pay_milestone_neft" time="0.587" /><testcase classname="tests.test_section_opq.TestMilestones" name="test_pay_partial" time="0.498" /><testcase classname="tests.test_section_opq.TestAllotmentAndAFS" name="test_allotment_auto_at_10pct" time="0.682" /><testcase classname="tests.test_section_opq.TestAllotmentAndAFS" name="test_allotment_idempotent" time="0.056" /><testcase classname="tests.test_section_opq.TestAllotmentAndAFS" name="test_afs_full_lifecycle" time="0.694" /><testcase classname="tests.test_section_opq.TestMilestones" name="test_rbac_pay_requires_postsales_manage" time="0.330" /><testcase classname="tests.test_section_opq.TestDemandLetters" name="test_generate_and_interest" time="0.937" /><testcase classname="tests.test_section_opq.TestAllotmentAndAFS" name="test_afs_rbac" time="0.512" /><testcase classname="tests.test_section_r.TestChannelPartnerCommission" name="test_partner_seeded" time="0.407" /><testcase classname="tests.test_section_r.TestChannelPartnerCommission" name="test_partner_lead_won_creates_commission" time="0.118" /><testcase classname="tests.test_section_opq.TestDemandLetters" name="test_422_on_not_overdue" time="0.216" /><testcase classname="tests.test_section_r.TestChannelPartnerCommission" name="test_commissions_admin_list_and_approve_pay" time="0.098" /><testcase classname="tests.test_section_opq.TestDemandLetters" name="test_deliver_and_escalate" time="1.052" /><testcase classname="tests.test_section_r.TestChannelPartnerCommission" name="test_exec_cannot_manage_commissions" time="0.291" /><testcase classname="tests.test_section_r.TestSectionR_DNC_Invalid_Consent" name="test_dnc_marks_and_pauses" time="0.076" /><testcase classname="tests.test_section_r.TestSectionR_DNC_Invalid_Consent" name="test_invalid_spam_marks_and_transitions" time="0.097" /><testcase classname="tests.test_section_r.TestSectionR_DNC_Invalid_Consent" name="test_consent_update" time="0.038" /><testcase classname="tests.test_section_r.TestSectionR_DNC_Invalid_Consent" name="test_dnc_requires_leads_edit" time="0.475" /><testcase classname="tests.test_laravel_crm.TestLeadCapture" name="test_lead_created_with_new_lead_status" time="0.030" /><testcase classname="tests.test_laravel_crm.TestLeadCapture" name="test_verify_task_created" time="0.033" /><testcase classname="tests.test_laravel_crm.TestLeadCapture" name="test_missing_email_and_phone_422" time="0.022" /><testcase classname="tests.test_section_opq.TestDemandLetters" name="test_rbac_demand_mutations" time="0.507" /><testcase classname="tests.test_laravel_crm.TestDuplicate" name="test_duplicate_returns_409" time="0.033" /><testcase classname="tests.test_laravel_crm.TestDuplicate" name="test_duplicate_force" time="0.058" /><testcase classname="tests.test_laravel_crm.TestDuplicate" name="test_check_duplicate_endpoint" time="0.017" /><testcase classname="tests.test_laravel_crm.TestTransition" name="test_transition_interested" time="0.072" /><testcase classname="tests.test_laravel_crm.TestTransition" name="test_automation_logs_status_changed" time="0.023" /><testcase classname="tests.test_laravel_crm.TestTransition" name="test_downgrade_blocked_for_exec" time="0.108" /><testcase classname="tests.test_laravel_crm.TestComms" name="test_call_log_no_answer" time="0.018" /><testcase classname="tests.test_laravel_crm.TestComms" name="test_whatsapp_mock" time="0.063" /><testcase classname="tests.test_laravel_crm.TestComms" name="test_email_mock" time="0.014" /><testcase classname="tests.test_section_l.TestPaymentPlans" name="test_list_seeded_plans" time="0.009" /><testcase classname="tests.test_section_l.TestPaymentPlans" name="test_admin_can_create_plan" time="0.010" /><testcase classname="tests.test_section_l.TestPaymentPlans" name="test_exec_forbidden_to_create_plan" time="0.059" /><testcase classname="tests.test_section_l.TestCostSheetMath" name="test_within_5_auto_approved" time="0.021" /><testcase classname="tests.test_laravel_crm.TestAuth" name="test_admin_login_role_perms" time="0.269" /><testcase classname="tests.test_section_l.TestCostSheetMath" name="test_over_5_pending_creates_approval" time="0.296" /><testcase classname="tests.test_laravel_crm.TestAuth" name="test_me_endpoint" time="0.029" /><testcase classname="tests.test_laravel_crm.TestAuth" name="test_invalid_credentials_422" time="0.256" /><testcase classname="tests.test_section_l.TestCostSheetMath" name="test_over_10_band" time="0.267" /><testcase classname="tests.test_section_t.TestAuditLogs" name="test_audit_index_shape" time="0.033" /><testcase classname="tests.test_section_t.TestAuditLogs" name="test_audit_generated_by_lead_action" time="0.355" /><testcase classname="tests.test_section_t.TestAuditLogs" name="test_audit_filter_action" time="0.022" /><testcase classname="tests.test_phase_b.TestInventory" name="test_tree_shape_and_counts" time="0.064" /><testcase classname="tests.test_section_opq.TestCollections" name="test_dashboard_shape" time="0.465" /><testcase classname="tests.test_phase_b.TestInventory" name="test_available_plots_only_available" time="0.279" /><testcase classname="tests.test_section_opq.TestCollections" name="test_exec_can_read_collections" time="0.280" /><testcase classname="tests.test_phase_b.TestSiteVisitList" name="test_upcoming_filter" time="0.022" /><testcase classname="tests.test_phase_b.TestSiteVisitList" name="test_filter_by_status" time="0.269" /><testcase classname="tests.test_section_opq.TestCollections" name="test_overdue_aging_bucket" time="1.397" /><testcase classname="tests.test_section_r.TestBookingCancel" name="test_cancel_releases_plot_and_cancels_milestones" time="0.683" /><testcase classname="tests.test_section_r.TestBookingCancel" name="test_cancel_requires_postsales_manage" time="0.421" /><testcase classname="tests.test_section_r.TestPaymentFail" name="test_payment_fail_reverts_milestone" time="1.205" /><testcase classname="tests.test_section_l.TestSelectPlanShareList" name="test_select_plan_and_share" time="0.163" /><testcase classname="tests.test_section_l.TestSelectPlanShareList" name="test_lead_cost_sheet_listing" time="0.012" /><testcase classname="tests.test_section_t.TestRbac" name="test_marketing_can_access_all_three" time="0.454" /><testcase classname="tests.test_section_t.TestRbac" name="test_sales_exec_forbidden" time="0.048" /><testcase classname="tests.test_laravel_crm.TestDashboard" name="test_dashboard_fields" time="0.012" /><testcase classname="tests.test_laravel_crm.TestQualify" name="test_qualify_updates_score_status" time="0.076"><failure message="AssertionError: expected contacted, got interested&#10;assert 'interested' == 'contacted'&#10;  &#10;  - contacted&#10;  + interested">E   AssertionError: expected contacted, got interested
    assert 'interested' == 'contacted'
      
      - contacted
      + interested</failure></testcase><testcase classname="tests.test_laravel_crm.TestCallList" name="test_call_list_ordered" time="0.023" /><testcase classname="tests.test_laravel_crm.TestBulkImport" name="test_preview_and_commit" time="0.096" /><testcase classname="tests.test_laravel_crm.TestWebhook" name="test_webhook_no_auth" time="0.040" /><testcase classname="tests.test_phase_b.TestSlots" name="test_slots_shape" time="0.036" /><testcase classname="tests.test_section_r.TestPaymentFail" name="test_payment_fail_requires_postsales_manage" time="0.166" /><testcase classname="tests.test_section_t.TestSystemHealth" name="test_health_shape" time="0.038" /><testcase classname="tests.test_section_r.TestWhatsAppSuppression" name="test_whatsapp_service_skips_dnc" time="0.625" /><testcase classname="tests.test_section_t.TestSystemHealth" name="test_health_integrations_all_mock" time="0.018" /><testcase classname="tests.test_section_r.TestOverdueNudge" name="test_overdue_nudge_and_demand_letter" time="0.735" /><testcase classname="tests.test_section_t.TestPerformance" name="test_performance_shape" time="0.011" /></testsuite></testsuites>