<?xml version="1.0" encoding="utf-8"?><testsuites name="pytest tests"><testsuite name="pytest" errors="0" failures="0" skipped="0" tests="21" time="1.536" timestamp="2026-08-09T16:36:38.488598+00:00" hostname="agent-env-1c6bb7a7-4238-4cbe-a25a-3b41d26d1833"><testcase classname="tests.whatsapp_notes_tags_test.TestRegression" name="test_login_priya_rahul" time="0.997" /><testcase classname="tests.whatsapp_notes_tags_test.TestRegression" name="test_leads_seeded" time="0.013" /><testcase classname="tests.whatsapp_notes_tags_test.TestRegression" name="test_list_conversations" time="0.010" /><testcase classname="tests.whatsapp_notes_tags_test.TestRegression" name="test_reply_within_window" time="0.034" /><testcase classname="tests.whatsapp_notes_tags_test.TestTags" name="test_update_tags_dedup_trim" time="0.011" /><testcase classname="tests.whatsapp_notes_tags_test.TestTags" name="test_tags_present_in_list" time="0.011" /><testcase classname="tests.whatsapp_notes_tags_test.TestTags" name="test_clear_tags" time="0.012" /><testcase classname="tests.whatsapp_notes_tags_test.TestTags" name="test_partner_forbidden_tags" time="0.009" /><testcase classname="tests.whatsapp_notes_tags_test.TestTags" name="test_rahul_can_edit_tags" time="0.013" /><testcase classname="tests.whatsapp_notes_tags_test.TestNotes" name="test_add_note_priya" time="0.013" /><testcase classname="tests.whatsapp_notes_tags_test.TestNotes" name="test_add_note_empty_422" time="0.013" /><testcase classname="tests.whatsapp_notes_tags_test.TestNotes" name="test_list_notes_newest_first" time="0.023" /><testcase classname="tests.whatsapp_notes_tags_test.TestNotes" name="test_rahul_cannot_delete_priya_note" time="0.009" /><testcase classname="tests.whatsapp_notes_tags_test.TestNotes" name="test_priya_can_delete_own_note" time="0.047" /><testcase classname="tests.whatsapp_notes_tags_test.TestNotes" name="test_manager_can_delete_any_note" time="0.032" /><testcase classname="tests.whatsapp_notes_tags_test.TestNotes" name="test_admin_can_delete_any_note" time="0.023" /><testcase classname="tests.whatsapp_notes_tags_test.TestNotes" name="test_delete_note_wrong_conversation_404" time="0.056" /><testcase classname="tests.whatsapp_notes_tags_test.TestRBAC" name="test_partner_forbidden_get_notes" time="0.009" /><testcase classname="tests.whatsapp_notes_tags_test.TestRBAC" name="test_partner_forbidden_add_note" time="0.009" /><testcase classname="tests.whatsapp_notes_tags_test.TestRBAC" name="test_rahul_can_read_notes" time="0.015" /><testcase classname="tests.whatsapp_notes_tags_test.TestRBAC" name="test_rahul_can_add_note" time="0.014" /></testsuite></testsuites>