<?xml version="1.0" encoding="utf-8"?><testsuites name="pytest tests"><testsuite name="pytest" errors="0" failures="0" skipped="0" tests="16" time="2.842" timestamp="2026-08-09T09:33:36.025517+00:00" hostname="agent-env-1c6bb7a7-4238-4cbe-a25a-3b41d26d1833"><testcase classname="tests.whatsapp_canned_variables_routing_test.TestCannedReplies" name="test_create_list_update_delete" time="0.302" /><testcase classname="tests.whatsapp_canned_variables_routing_test.TestCannedReplies" name="test_missing_title_422" time="0.010" /><testcase classname="tests.whatsapp_canned_variables_routing_test.TestCannedReplies" name="test_missing_body_422" time="0.009" /><testcase classname="tests.whatsapp_canned_variables_routing_test.TestCannedReplies" name="test_rahul_can_list_and_create" time="0.281" /><testcase classname="tests.whatsapp_canned_variables_routing_test.TestCannedReplies" name="test_partner_403" time="0.263" /><testcase classname="tests.whatsapp_canned_variables_routing_test.TestTemplateVariables" name="test_welcome_message_single_var" time="0.075" /><testcase classname="tests.whatsapp_canned_variables_routing_test.TestTemplateVariables" name="test_template_outside_window_still_sends" time="0.237" /><testcase classname="tests.whatsapp_canned_variables_routing_test.TestTemplateVariables" name="test_payment_due_two_vars_in_order" time="0.057" /><testcase classname="tests.whatsapp_canned_variables_routing_test.TestTemplateVariables" name="test_template_no_vars_still_sends" time="0.055" /><testcase classname="tests.whatsapp_canned_variables_routing_test.TestSettingsAndRouting" name="test_settings_get_rahul_allowed" time="0.010" /><testcase classname="tests.whatsapp_canned_variables_routing_test.TestSettingsAndRouting" name="test_settings_put_rahul_403" time="0.008" /><testcase classname="tests.whatsapp_canned_variables_routing_test.TestSettingsAndRouting" name="test_settings_put_priya_200" time="0.010" /><testcase classname="tests.whatsapp_canned_variables_routing_test.TestSettingsAndRouting" name="test_auto_assign_on_assigns_agent" time="0.201" /><testcase classname="tests.whatsapp_canned_variables_routing_test.TestSettingsAndRouting" name="test_auto_assign_off_leaves_null" time="0.215" /><testcase classname="tests.whatsapp_canned_variables_routing_test.TestSettingsAndRouting" name="test_balancing_across_agents" time="0.775" /><testcase classname="tests.whatsapp_canned_variables_routing_test" name="test_zzz_reset_auto_assign_true" time="0.255" /></testsuite></testsuites>