<?xml version="1.0" encoding="utf-8"?><testsuites name="pytest tests"><testsuite name="pytest" errors="0" failures="0" skipped="0" tests="11" time="2.371" timestamp="2026-08-20T21:03:59.579429+00:00" hostname="agent-env-1c6bb7a7-4238-4cbe-a25a-3b41d26d1833"><testcase classname="tests.test_won_lock_accounts_dashboard.TestWonLeadLock" name="test_journey_transition_to_won_locks_lead" time="0.511" /><testcase classname="tests.test_won_lock_accounts_dashboard.TestWonLeadLock" name="test_journey_transition_blocked_after_won" time="0.010" /><testcase classname="tests.test_won_lock_accounts_dashboard.TestWonLeadLock" name="test_kanban_transition_returns_423" time="0.627" /><testcase classname="tests.test_won_lock_accounts_dashboard.TestAccountsDashboard" name="test_dashboard_returns_functional_accounts" time="0.268" /><testcase classname="tests.test_won_lock_accounts_dashboard.TestAccountsDashboard" name="test_kpi_values_are_indian_rupee_formatted" time="0.012" /><testcase classname="tests.test_won_lock_accounts_dashboard.TestMoneyHelper" name="test_inr_100000" time="0.164" /><testcase classname="tests.test_won_lock_accounts_dashboard.TestMoneyHelper" name="test_inr_12345678" time="0.162" /><testcase classname="tests.test_won_lock_accounts_dashboard.TestMoneyHelper" name="test_inr_small" time="0.163" /><testcase classname="tests.test_won_lock_accounts_dashboard.TestRegression" name="test_admin_dashboard_loads" time="0.017" /><testcase classname="tests.test_won_lock_accounts_dashboard.TestRegression" name="test_sales_bdm_cockpit_loads" time="0.018" /><testcase classname="tests.test_won_lock_accounts_dashboard.TestRegression" name="test_normal_lead_can_transition" time="0.382" /></testsuite></testsuites>