<?xml version="1.0" encoding="utf-8"?><testsuites name="pytest tests"><testsuite name="pytest" errors="0" failures="0" skipped="1" tests="14" time="1.193" timestamp="2026-08-09T08:22:01.520558+00:00" hostname="agent-env-1c6bb7a7-4238-4cbe-a25a-3b41d26d1833"><testcase classname="tests.test_widget_branding.TestBrandingSave" name="test_put_branding_success" time="0.259" /><testcase classname="tests.test_widget_branding.TestBrandingSave" name="test_portal_returns_snippet" time="0.024" /><testcase classname="tests.test_widget_branding.TestBrandingValidation" name="test_accent_not_hex" time="0.009" /><testcase classname="tests.test_widget_branding.TestBrandingValidation" name="test_title_too_long" time="0.009" /><testcase classname="tests.test_widget_branding.TestBrandingValidation" name="test_greeting_too_long" time="0.009" /><testcase classname="tests.test_widget_branding.TestBrandingValidation" name="test_accent_short_hex_valid" time="0.010" /><testcase classname="tests.test_widget_branding.TestBrandingValidation" name="test_accent_long_hex_valid" time="0.019" /><testcase classname="tests.test_widget_branding.TestPublicWidgetConfig" name="test_reflects_partner_branding" time="0.018" /><testcase classname="tests.test_widget_branding.TestPublicWidgetConfig" name="test_badcode_returns_defaults_200" time="0.009" /><testcase classname="tests.test_widget_branding.TestBrandingIsolation" name="test_sales_exec_forbidden" time="0.257" /><testcase classname="tests.test_widget_branding.TestBrandingIsolation" name="test_admin_without_partner_profile_404" time="0.255" /><testcase classname="tests.test_widget_branding.TestBrandingIsolation" name="test_partner_cannot_affect_other_partner" time="0.256"><skipped type="pytest.skip" message="no second partner to compare">/app/backend/tests/test_widget_branding.py:148: no second partner to compare</skipped></testcase><testcase classname="tests.test_widget_branding.TestRegressionCaptures" name="test_partner_refer_creates_lead" time="0.010" /><testcase classname="tests.test_widget_branding.TestRegressionCaptures" name="test_chatbot_creates_lead" time="0.009" /></testsuite></testsuites>