<?xml version="1.0" encoding="utf-8"?><testsuites name="pytest tests"><testsuite name="pytest" errors="0" failures="0" skipped="0" tests="17" time="2.585" timestamp="2026-08-09T09:18:40.621195+00:00" hostname="agent-env-1c6bb7a7-4238-4cbe-a25a-3b41d26d1833"><testcase classname="tests.whatsapp_media_templates_analytics_test.TestMediaUpload" name="test_upload_image_returns_public_url" time="0.265" /><testcase classname="tests.whatsapp_media_templates_analytics_test.TestMediaUpload" name="test_upload_pdf_returns_document" time="0.012" /><testcase classname="tests.whatsapp_media_templates_analytics_test.TestMediaUpload" name="test_upload_invalid_type_422" time="0.011" /><testcase classname="tests.whatsapp_media_templates_analytics_test.TestSendMediaInteractive" name="test_send_image" time="0.251" /><testcase classname="tests.whatsapp_media_templates_analytics_test.TestSendMediaInteractive" name="test_send_document" time="0.210" /><testcase classname="tests.whatsapp_media_templates_analytics_test.TestSendMediaInteractive" name="test_send_image_empty_media_url_422" time="0.193" /><testcase classname="tests.whatsapp_media_templates_analytics_test.TestSendMediaInteractive" name="test_send_interactive_buttons" time="0.201" /><testcase classname="tests.whatsapp_media_templates_analytics_test.TestSendMediaInteractive" name="test_interactive_empty_body_422" time="0.195" /><testcase classname="tests.whatsapp_media_templates_analytics_test.TestSendMediaInteractive" name="test_interactive_empty_buttons_422" time="0.194" /><testcase classname="tests.whatsapp_media_templates_analytics_test.TestSendMediaInteractive" name="test_interactive_max_3_buttons" time="0.197" /><testcase classname="tests.whatsapp_media_templates_analytics_test.TestWindowEnforcement" name="test_media_and_interactive_blocked_outside_window" time="0.227" /><testcase classname="tests.whatsapp_media_templates_analytics_test.TestTemplateSync" name="test_sync_returns_five" time="0.016" /><testcase classname="tests.whatsapp_media_templates_analytics_test.TestTemplateSync" name="test_sync_idempotent" time="0.032" /><testcase classname="tests.whatsapp_media_templates_analytics_test.TestTemplateSync" name="test_rbac_sync_gated" time="0.262" /><testcase classname="tests.whatsapp_media_templates_analytics_test.TestSendTemplate" name="test_template_send_outside_window" time="0.216" /><testcase classname="tests.whatsapp_media_templates_analytics_test.TestAnalytics" name="test_analytics_shape" time="0.011" /><testcase classname="tests.whatsapp_media_templates_analytics_test.TestAnalytics" name="test_analytics_rbac_rahul_allowed" time="0.012" /></testsuite></testsuites>