<?xml version="1.0" encoding="utf-8"?><testsuites name="pytest tests"><testsuite name="pytest" errors="25" failures="15" skipped="0" tests="204" time="34.290" timestamp="2026-08-09T22:04:04.025398+00:00" hostname="agent-env-1c6bb7a7-4238-4cbe-a25a-3b41d26d1833"><testcase classname="tests.test_section_n.TestSectionN" name="test_login" time="0.290" /><testcase classname="tests.test_section_n.TestSectionN" name="test_won_verify_paytoken_confirms_booking" time="0.466" /><testcase classname="tests.test_section_n.TestSectionN" name="test_pay_token_creates_receipt_and_welcome_and_checklist" time="0.236" /><testcase classname="tests.test_section_n.TestSectionN" name="test_welcome_letter_idempotent" time="0.261" /><testcase classname="tests.test_phase4_flow_engine" name="test_simulate_condition_branch_hot" time="1.235" /><testcase classname="tests.test_phase4_flow_engine" name="test_simulate_condition_branch_not_hot" time="0.364" /><testcase classname="tests.test_section_n.TestSectionN" name="test_record_milestone_payment_creates_serial_receipt" time="0.255" /><testcase classname="tests.test_section_n.TestSectionN" name="test_verify_payment" time="0.244" /><testcase classname="tests.test_phase4_flow_engine" name="test_simulate_uses_latest_lead_when_no_id" time="0.130" /><testcase classname="tests.test_section_n.TestSectionN" name="test_reconcile_matched_and_discrepancy" time="0.337" /><testcase classname="tests.test_phase4_flow_engine" name="test_wait_pauses_and_resumes" time="1.065" /><testcase classname="tests.test_section_n.TestSectionN" name="test_reconciliation_dashboard" time="0.011" /><testcase classname="tests.test_section_n.TestSectionN" name="test_documents_update_flow" time="0.302" /><testcase classname="tests.test_section_n.TestSectionN" name="test_rahul_forbidden_from_postsales" time="0.627" /><testcase classname="tests.test_phase4_flow_engine" name="test_new_lead_trigger_creates_run_and_task" time="0.902" /><testcase classname="tests.test_section_n.TestSectionN" name="test_cs_can_record_but_not_create_leads" time="0.436"><failure message="AssertionError: {&quot;message&quot;:&quot;This action is unauthorized.&quot;}&#10;assert 403 == 201&#10; +  where 403 = &lt;Response [403]&gt;.status_code">E   AssertionError: {"message":"This action is unauthorized."}
    assert 403 == 201
     +  where 403 = &lt;Response [403]&gt;.status_code</failure></testcase><testcase classname="tests.test_section_n.TestSectionN" name="test_regression_lead_locked_after_won" time="0.283" /><testcase classname="tests.test_phase4_flow_engine" name="test_lead_creation_not_broken_by_workflow_error" time="0.373" /><testcase classname="tests.test_phase4_flow_engine" name="test_checklist_lists_templates_with_exists_flag" time="0.359" /><testcase classname="tests.test_phase_b.TestSiteVisitFlow" name="test_schedule_moves_lead_and_creates_task" time="0.521"><failure message="AssertionError: no 'Conduct site visit' task&#10;assert False&#10; +  where False = any(&lt;generator object TestSiteVisitFlow.test_schedule_moves_lead_and_creates_task.&lt;locals&gt;.&lt;genexpr&gt; at 0xfd219b12c310&gt;)">E   AssertionError: no 'Conduct site visit' task
    assert False
     +  where False = any(&lt;generator object TestSiteVisitFlow.test_schedule_moves_lead_and_creates_task.&lt;locals&gt;.&lt;genexpr&gt; at 0xfd219b12c310&gt;)</failure></testcase><testcase classname="tests.test_phase_b.TestSiteVisitFlow" name="test_slot_marked_unavailable_after_schedule" time="0.159" /><testcase classname="tests.test_phase_b.TestSiteVisitFlow" name="test_confirm_checkin_checkout" time="0.157" /><testcase classname="tests.test_phase4_flow_engine" name="test_runs_endpoint_includes_lead_relation" time="0.403" /><testcase classname="tests.test_phase_b.TestSiteVisitFlow" name="test_outcome_interested_handover_and_hold" time="0.262"><failure message="AssertionError: no handover task for lead 91&#10;assert False&#10; +  where False = any(&lt;generator object TestSiteVisitFlow.test_outcome_interested_handover_and_hold.&lt;locals&gt;.&lt;genexpr&gt; at 0xfd219b12c310&gt;)">E   AssertionError: no handover task for lead 91
    assert False
     +  where False = any(&lt;generator object TestSiteVisitFlow.test_outcome_interested_handover_and_hold.&lt;locals&gt;.&lt;genexpr&gt; at 0xfd219b12c310&gt;)</failure></testcase><testcase classname="tests.test_phase_b.TestSiteVisitFlow" name="test_outcome_considering" time="0.201" /><testcase classname="tests.test_phase4_flow_engine" name="test_rbac_simulate[admin-200]" time="0.657" /><testcase classname="tests.test_phase_b.TestSiteVisitFlow" name="test_outcome_not_interested" time="0.417" /><testcase classname="tests.test_phase_b.TestSiteVisitFlow" name="test_reschedule_escalation" time="0.283" /><testcase classname="tests.test_phase4_flow_engine" name="test_rbac_simulate[process-200]" time="0.677" /><testcase classname="tests.test_phase_b.TestSiteVisitFlow" name="test_no_show" time="0.393"><failure message="AssertionError: no callback task for no-show&#10;assert False&#10; +  where False = any(&lt;generator object TestSiteVisitFlow.test_no_show.&lt;locals&gt;.&lt;genexpr&gt; at 0xfd219b12c310&gt;)">E   AssertionError: no callback task for no-show
    assert False
     +  where False = any(&lt;generator object TestSiteVisitFlow.test_no_show.&lt;locals&gt;.&lt;genexpr&gt; at 0xfd219b12c310&gt;)</failure></testcase><testcase classname="tests.test_phase_b.TestSiteVisitFlow" name="test_cancel" time="0.135" /><testcase classname="tests.test_phase5_lead_journey" name="test_journey_lead20_waiting_shape_admin" time="0.380"><failure message="AssertionError: assert ({'id': 35, 'name': 'TEST_rbac_sim_process', 'status': 'active', 'graph': {'drawflow': {'Home': {'data': {'1': {'id': 1, 'name': 'trigger', 'data': {...}, 'class': 'wf-t-trigger', ...}, '2': {'id': 2, 'name': 'send_email', 'data': {...}, 'class': 'wf-t-send_email', ...}}}}}} and 35 == 5)&#10; +  where 35 = &lt;built-in method get of dict object at 0xfd219873afc0&gt;('id')&#10; +    where &lt;built-in method get of dict object at 0xfd219873afc0&gt; = {'id': 35, 'name': 'TEST_rbac_sim_process', 'status': 'active', 'graph': {'drawflow': {'Home': {'data': {'1': {'id': 1, 'name': 'trigger', 'data': {...}, 'class': 'wf-t-trigger', ...}, '2': {'id': 2, 'name': 'send_email', 'data': {...}, 'class': 'wf-t-send_email', ...}}}}}}.get">E   AssertionError: assert ({'id': 35, 'name': 'TEST_rbac_sim_process', 'status': 'active', 'graph': {'drawflow': {'Home': {'data': {'1': {'id': 1, 'name': 'trigger', 'data': {...}, 'class': 'wf-t-trigger', ...}, '2': {'id': 2, 'name': 'send_email', 'data': {...}, 'class': 'wf-t-send_email', ...}}}}}} and 35 == 5)
     +  where 35 = &lt;built-in method get of dict object at 0xfd219873afc0&gt;('id')
     +    where &lt;built-in method get of dict object at 0xfd219873afc0&gt; = {'id': 35, 'name': 'TEST_rbac_sim_process', 'status': 'active', 'graph': {'drawflow': {'Home': {'data': {'1': {'id': 1, 'name': 'trigger', 'data': {...}, 'class': 'wf-t-trigger', ...}, '2': {'id': 2, 'name': 'send_email', 'data': {...}, 'class': 'wf-t-send_email', ...}}}}}}.get</failure></testcase><testcase classname="tests.test_phase4_flow_engine" name="test_rbac_simulate[sales_head-403]" time="1.028" /><testcase classname="tests.test_phase5_lead_journey" name="test_journey_lead20_bde_can_access" time="0.515"><failure message="AttributeError: 'NoneType' object has no attribute 'get'">E   AttributeError: 'NoneType' object has no attribute 'get'</failure></testcase><testcase classname="tests.test_phase5_lead_journey" name="test_journey_lead20_sales_head_can_access" time="0.281" /><testcase classname="tests.test_phase4_flow_engine" name="test_rbac_runs[admin-200]" time="0.777" /><testcase classname="tests.test_phase5_lead_journey" name="test_journey_partner_forbidden" time="0.512" /><testcase classname="tests.test_phase4_flow_engine" name="test_rbac_runs[process-200]" time="0.346" /><testcase classname="tests.test_phase5_lead_journey" name="test_journey_unauth_forbidden" time="0.017" /><testcase classname="tests.test_phase5_lead_journey" name="test_journey_no_run_returns_active_flow_preview" time="0.983" /><testcase classname="tests.test_phase4_flow_engine" name="test_rbac_runs[sales_head-403]" time="0.653" /><testcase classname="tests.test_phase4_flow_engine" name="test_rbac_checklist[admin-200]" time="0.329" /><testcase classname="tests.test_phase5_lead_journey" name="test_journey_completed_run_hot_lead" time="1.801"><failure message="assert 36 == 5">E   assert 36 == 5</failure></testcase><testcase classname="tests.test_phase4_flow_engine" name="test_rbac_checklist[process-200]" time="0.271" /><testcase classname="tests.test_phase4_flow_engine" name="test_rbac_checklist[sales_head-403]" time="0.267" /><testcase classname="tests.test_phase4_flow_engine" name="test_regression_partner_leads_forbidden" time="0.254" /><testcase classname="tests.test_phase4_flow_engine" name="test_regression_accounts_edit_lead_forbidden" time="1.485" /><testcase classname="tests.test_phase5_lead_journey" name="test_journey_missing_lead_404" time="0.513" /><testcase classname="tests.test_section_batch3_sla_role_referral.TestRoleHome" name="test_me_role[crm@crm.local-Demo@12345-crm_support]" time="0.409" /><testcase classname="tests.test_section_batch3_sla_role_referral.TestRoleHome" name="test_me_role[priya@crm.local-Demo@12345-sales_head]" time="0.496" /><testcase classname="tests.test_section_batch3_sla_role_referral.TestRoleHome" name="test_me_role[partner@crm.local-Demo@12345-channel_partner]" time="0.499" /><testcase classname="tests.test_section_batch3_sla_role_referral.TestRoleHome" name="test_me_role[rahul@crm.local-Demo@12345-sales_bde]" time="0.494" /><testcase classname="tests.test_section_batch3_sla_role_referral.TestPartnerReferral" name="test_public_refer_success_and_attribution" time="3.163" /><testcase classname="tests.test_section_batch3_sla_role_referral.TestPartnerReferral" name="test_public_refer_bad_code_404" time="0.255" /><testcase classname="tests.test_section_batch3_sla_role_referral.TestRoleHome" name="test_partner_collections_denied" time="1.817" /><testcase classname="tests.test_section_batch3_sla_role_referral.TestPartnerReferral" name="test_web_refer_bad_code_404" time="0.021" /><testcase classname="tests.test_section_batch3_sla_role_referral.TestRoleHome" name="test_partner_portal_accessible" time="0.019" /><testcase classname="tests.test_section_batch3_sla_role_referral.TestPartnerReferral" name="test_web_refer_valid_code_html" time="0.030" /><testcase classname="tests.test_section_batch3_sla_role_referral.TestRoleHome" name="test_exec_call_list_accessible" time="0.046" /><testcase classname="tests.test_section_batch3_sla_role_referral.TestPartnerReferral" name="test_public_refer_missing_required_422" time="0.039" /><testcase classname="tests.test_section_batch3_sla_role_referral.TestRoleHome" name="test_mgr_dashboard_accessible" time="0.023" /><testcase classname="tests.test_section_batch3_sla_role_referral.TestPartnerReferral" name="test_partner_portal_isolation" time="0.023" /><testcase classname="tests.test_section_batch3_sla_role_referral.TestPartnerReferral" name="test_partner_still_403_on_leads_index" time="0.525" /><testcase classname="tests.test_section_s.TestStatusChangedEvents" name="test_interested_creates_qualify_task_and_email" time="1.349" /><testcase classname="tests.test_section_m" name="test_won_creates_booking_and_locks_lead" time="1.038"><error message="failed on setup with &quot;requests.exceptions.HTTPError: 422 Client Error: Unprocessable Content for url: http://127.0.0.1:8000/api/v1/auth/login&quot;">E   requests.exceptions.HTTPError: 422 Client Error: Unprocessable Content for url: http://127.0.0.1:8000/api/v1/auth/login</error></testcase><testcase classname="tests.test_section_m" name="test_lock_blocks_sales_exec_and_allows_cs" time="0.000"><error message="failed on setup with &quot;requests.exceptions.HTTPError: 422 Client Error: Unprocessable Content for url: http://127.0.0.1:8000/api/v1/auth/login&quot;">E   requests.exceptions.HTTPError: 422 Client Error: Unprocessable Content for url: http://127.0.0.1:8000/api/v1/auth/login</error></testcase><testcase classname="tests.test_section_m" name="test_public_booking_form_get_and_submit" time="0.000"><error message="failed on setup with &quot;requests.exceptions.HTTPError: 422 Client Error: Unprocessable Content for url: http://127.0.0.1:8000/api/v1/auth/login&quot;">E   requests.exceptions.HTTPError: 422 Client Error: Unprocessable Content for url: http://127.0.0.1:8000/api/v1/auth/login</error></testcase><testcase classname="tests.test_section_m" name="test_lost_sets_reason_and_releases" time="0.000"><error message="failed on setup with &quot;requests.exceptions.HTTPError: 422 Client Error: Unprocessable Content for url: http://127.0.0.1:8000/api/v1/auth/login&quot;">E   requests.exceptions.HTTPError: 422 Client Error: Unprocessable Content for url: http://127.0.0.1:8000/api/v1/auth/login</error></testcase><testcase classname="tests.test_section_m" name="test_bookings_list_and_show" time="0.000"><error message="failed on setup with &quot;requests.exceptions.HTTPError: 422 Client Error: Unprocessable Content for url: http://127.0.0.1:8000/api/v1/auth/login&quot;">E   requests.exceptions.HTTPError: 422 Client Error: Unprocessable Content for url: http://127.0.0.1:8000/api/v1/auth/login</error></testcase><testcase classname="tests.test_section_m" name="test_rbac_marketing_cannot_won" time="0.000"><error message="failed on setup with &quot;requests.exceptions.HTTPError: 422 Client Error: Unprocessable Content for url: http://127.0.0.1:8000/api/v1/auth/login&quot;">E   requests.exceptions.HTTPError: 422 Client Error: Unprocessable Content for url: http://127.0.0.1:8000/api/v1/auth/login</error></testcase><testcase classname="tests.test_section_m" name="test_rahul_can_initiate_won" time="0.000"><error message="failed on setup with &quot;requests.exceptions.HTTPError: 422 Client Error: Unprocessable Content for url: http://127.0.0.1:8000/api/v1/auth/login&quot;">E   requests.exceptions.HTTPError: 422 Client Error: Unprocessable Content for url: http://127.0.0.1:8000/api/v1/auth/login</error></testcase><testcase classname="tests.test_section_s.TestStatusChangedEvents" name="test_opportunity_creates_handover_task_and_email" time="0.659" /><testcase classname="tests.test_section_batch3_sla_role_referral.TestSlaBoard" name="test_sla_board_manager_200" time="1.422" /><testcase classname="tests.test_section_batch3_sla_role_referral.TestSlaBoard" name="test_sla_board_bucket_correctness" time="0.036" /><testcase classname="tests.test_section_batch3_sla_role_referral.TestSlaBoard" name="test_sla_board_exec_200" time="0.067" /><testcase classname="tests.test_section_s.TestStatusChangedEvents" name="test_negotiation_creates_proposal_task_and_whatsapp" time="0.198" /><testcase classname="tests.test_section_batch3_sla_role_referral.TestSlaBoard" name="test_sla_board_admin_200" time="0.063" /><testcase classname="tests.test_section_batch3_sla_role_referral.TestSlaBoard" name="test_sla_board_partner_403" time="0.032" /><testcase classname="tests.test_section_batch3_sla_role_referral.TestSlaBoard" name="test_sla_reassign_and_persist" time="0.145" /><testcase classname="tests.test_section_s.TestStatusChangedEvents" name="test_won_creates_onboarding_task_and_email" time="0.188" /><testcase classname="tests.test_section_l.TestApprovalsAndProposals" name="test_proposal_gated_when_pending" time="0.124" /><testcase classname="tests.test_section_s.TestStatusChangedEvents" name="test_not_interested_pauses_sequence" time="0.355" /><testcase classname="tests.test_section_l.TestApprovalsAndProposals" name="test_exec_forbidden_to_decide" time="0.401" /><testcase classname="tests.test_section_s.TestStatusChangedEvents" name="test_lost_pauses_sequence" time="0.350" /><testcase classname="tests.test_section_l.TestApprovalsAndProposals" name="test_manager_approves" time="0.618" /><testcase classname="tests.test_section_s.TestStatusChangedEvents" name="test_no_failed_logs_across_events" time="0.025" /><testcase classname="tests.test_phase3_workflow_rbac.TestWorkflowRBAC" name="test_process_admin_can_list" time="0.285" /><testcase classname="tests.test_section_l.TestApprovalsAndProposals" name="test_manager_rejects" time="0.557" /><testcase classname="tests.test_phase3_workflow_rbac.TestWorkflowRBAC" name="test_admin_can_list" time="0.291" /><testcase classname="tests.test_phase3_workflow_rbac.TestWorkflowRBAC" name="test_sales_head_forbidden_list" time="0.284" /><testcase classname="tests.test_section_l.TestApprovalsAndProposals" name="test_counter_recomputes" time="0.329" /><testcase classname="tests.test_phase3_workflow_rbac.TestWorkflowRBAC" name="test_sales_head_forbidden_create" time="0.029" /><testcase classname="tests.test_phase3_workflow_rbac.TestWorkflowRBAC" name="test_partner_forbidden" time="0.280" /><testcase classname="tests.test_section_l.TestApprovalsAndProposals" name="test_full_proposal_flow" time="0.635" /><testcase classname="tests.test_section_r.TestPartnerPortalScoping" name="test_partner_portal_ok" time="0.289" /><testcase classname="tests.test_section_r.TestPartnerPortalScoping" name="test_partner_denied_leads" time="0.023" /><testcase classname="tests.test_section_r.TestPartnerPortalScoping" name="test_partner_denied_partners" time="0.029" /><testcase classname="tests.test_section_r.TestPartnerPortalScoping" name="test_partner_denied_commissions" time="0.019" /><testcase classname="tests.test_section_r.TestPartnerPortalScoping" name="test_admin_portal_404" time="0.290" /><testcase classname="tests.test_phase3_workflow_rbac.TestRegressionPhase12" name="test_partner_leads_forbidden" time="0.511" /><testcase classname="tests.test_widget_branding.TestBrandingValidation" name="test_accent_not_hex" time="0.512" /><testcase classname="tests.test_widget_branding.TestBrandingValidation" name="test_title_too_long" time="0.260" /><testcase classname="tests.test_widget_branding.TestBrandingValidation" name="test_greeting_too_long" time="0.256" /><testcase classname="tests.test_phase3_workflow_rbac.TestRegressionPhase12" name="test_accounts_support_cannot_edit_lead" time="0.586" /><testcase classname="tests.test_widget_branding.TestBrandingValidation" name="test_accent_short_hex_valid" time="0.050" /><testcase classname="tests.test_widget_branding.TestBrandingValidation" name="test_accent_long_hex_valid" time="0.270" /><testcase classname="tests.test_phase3_workflow_rbac.TestRegressionPhase12" name="test_sales_head_can_edit_lead" time="0.553" /><testcase classname="tests.test_phase3_workflow_rbac.TestOnboardingReset" name="test_admin_can_reset" time="0.304" /><testcase classname="tests.test_phase3_workflow_rbac.TestRegressionPhase12" name="test_force_password_change_still_works" time="1.039" /><testcase classname="tests.test_phase3_workflow_rbac.TestOnboardingReset" name="test_process_admin_can_reset" time="0.518" /><testcase classname="tests.test_phase3_workflow_rbac.TestOnboardingReset" name="test_sales_head_cannot_reset" time="0.515" /><testcase classname="tests.test_phase3_workflow_rbac.TestRegressionPhase12" name="test_impersonate_admin_only" time="0.016" /><testcase classname="tests.test_phase_b.TestPlotPhaseCrud" name="test_plot_create_update_delete_admin" time="0.647" /><testcase classname="tests.test_phase3_workflow_rbac.TestOnboardingReset" name="test_accounts_support_cannot_reset" time="0.289" /><testcase classname="tests.test_phase_b.TestPlotPhaseCrud" name="test_plot_create_forbidden_for_exec" time="0.087" /><testcase classname="tests.test_section_opq.TestMilestones" name="test_schedule_generated_after_token" time="0.463" /><testcase classname="tests.test_phase_b.TestPlotPhaseCrud" name="test_phase_create_update_admin" time="0.311" /><testcase classname="tests.test_section_opq.TestMilestones" name="test_pay_milestone_neft" time="0.310"><failure message="AssertionError: {&quot;message&quot;:&quot;This action is unauthorized.&quot;}&#10;assert 403 in (200, 201)&#10; +  where 403 = &lt;Response [403]&gt;.status_code">E   AssertionError: {"message":"This action is unauthorized."}
    assert 403 in (200, 201)
     +  where 403 = &lt;Response [403]&gt;.status_code</failure></testcase><testcase classname="tests.test_phase_b.TestPlotPhaseCrud" name="test_phase_create_forbidden_for_exec" time="0.066" /><testcase classname="tests.test_section_opq.TestMilestones" name="test_pay_partial" time="0.509"><failure message="AssertionError: {&quot;message&quot;:&quot;This action is unauthorized.&quot;}&#10;assert 403 in (200, 201)&#10; +  where 403 = &lt;Response [403]&gt;.status_code">E   AssertionError: {"message":"This action is unauthorized."}
    assert 403 in (200, 201)
     +  where 403 = &lt;Response [403]&gt;.status_code</failure></testcase><testcase classname="tests.test_section_opq.TestAllotmentAndAFS" name="test_allotment_auto_at_10pct" time="0.761" /><testcase classname="tests.test_section_opq.TestMilestones" name="test_rbac_pay_requires_postsales_manage" time="0.337" /><testcase classname="tests.test_section_opq.TestAllotmentAndAFS" name="test_allotment_idempotent" time="0.039" /><testcase classname="tests.test_section_opq.TestDemandLetters" name="test_generate_and_interest" time="1.190"><failure message="AssertionError: {&quot;message&quot;:&quot;This action is unauthorized.&quot;}&#10;assert 403 in (200, 201)&#10; +  where 403 = &lt;Response [403]&gt;.status_code">E   AssertionError: {"message":"This action is unauthorized."}
    assert 403 in (200, 201)
     +  where 403 = &lt;Response [403]&gt;.status_code</failure></testcase><testcase classname="tests.test_section_opq.TestAllotmentAndAFS" name="test_afs_full_lifecycle" time="0.329"><failure message="AssertionError: {&quot;message&quot;:&quot;This action is unauthorized.&quot;}&#10;assert 403 in (200, 201)&#10; +  where 403 = &lt;Response [403]&gt;.status_code">E   AssertionError: {"message":"This action is unauthorized."}
    assert 403 in (200, 201)
     +  where 403 = &lt;Response [403]&gt;.status_code</failure></testcase><testcase classname="tests.test_section_opq.TestAllotmentAndAFS" name="test_afs_rbac" time="0.524" /><testcase classname="tests.test_section_r.TestChannelPartnerCommission" name="test_partner_seeded" time="0.335" /><testcase classname="tests.test_section_opq.TestDemandLetters" name="test_422_on_not_overdue" time="0.267"><failure message="assert 403 == 422&#10; +  where 403 = &lt;Response [403]&gt;.status_code">E   assert 403 == 422
     +  where 403 = &lt;Response [403]&gt;.status_code</failure></testcase><testcase classname="tests.test_section_r.TestChannelPartnerCommission" name="test_partner_lead_won_creates_commission" time="0.164" /><testcase classname="tests.test_section_r.TestChannelPartnerCommission" name="test_commissions_admin_list_and_approve_pay" time="0.105" /><testcase classname="tests.test_section_opq.TestDemandLetters" name="test_deliver_and_escalate" time="0.959"><failure message="assert 403 in (200, 201)&#10; +  where 403 = &lt;Response [403]&gt;.status_code">E   assert 403 in (200, 201)
     +  where 403 = &lt;Response [403]&gt;.status_code</failure></testcase><testcase classname="tests.test_section_r.TestChannelPartnerCommission" name="test_exec_cannot_manage_commissions" time="0.319" /><testcase classname="tests.test_section_r.TestSectionR_DNC_Invalid_Consent" name="test_dnc_marks_and_pauses" time="0.129" /><testcase classname="tests.test_section_r.TestSectionR_DNC_Invalid_Consent" name="test_invalid_spam_marks_and_transitions" time="0.063" /><testcase classname="tests.test_section_r.TestSectionR_DNC_Invalid_Consent" name="test_consent_update" time="0.090" /><testcase classname="tests.test_section_opq.TestDemandLetters" name="test_rbac_demand_mutations" time="0.913" /><testcase classname="tests.test_section_r.TestSectionR_DNC_Invalid_Consent" name="test_dnc_requires_leads_edit" time="0.423" /><testcase classname="tests.test_phase2_onboarding_rbac.TestOnboarding" name="test_get_state" time="0.300" /><testcase classname="tests.test_phase2_onboarding_rbac.TestOnboarding" name="test_put_setup_choice_later" time="0.064" /><testcase classname="tests.test_phase2_onboarding_rbac.TestOnboarding" name="test_put_step_marking" time="0.023" /><testcase classname="tests.test_phase2_onboarding_rbac.TestImpersonate" name="test_super_admin_can_impersonate_and_get_target_user" time="0.061" /><testcase classname="tests.test_phase2_onboarding_rbac.TestImpersonate" name="test_non_admin_cannot_impersonate" time="0.398" /><testcase classname="tests.test_section_r2_automation.TestAutomationCRUD" name="test_index_ok" time="0.023" /><testcase classname="tests.test_phase2_onboarding_rbac.TestImpersonate" name="test_channel_partner_cannot_impersonate" time="0.512" /><testcase classname="tests.test_section_r2_automation.TestAutomationCRUD" name="test_exec_forbidden_on_create" time="0.512" /><testcase classname="tests.test_phase2_onboarding_rbac.TestRbacRegression" name="test_accounts_support_cannot_edit_lead" time="0.317" /><testcase classname="tests.test_section_r2_automation.TestAutomationCRUD" name="test_crud_lifecycle" time="0.612" /><testcase classname="tests.test_phase2_onboarding_rbac.TestRbacRegression" name="test_sales_head_can_edit_lead" time="0.317" /><testcase classname="tests.test_section_r2_automation.TestAutomationCRUD" name="test_created_rule_fires_on_status_change" time="1.460" /><testcase classname="tests.test_phase2_onboarding_rbac.TestRbacRegression" name="test_partner_leads_forbidden_portal_ok" time="0.316" /><testcase classname="tests.test_section_l.TestPaymentPlans" name="test_list_seeded_plans" time="0.026" /><testcase classname="tests.test_section_l.TestPaymentPlans" name="test_admin_can_create_plan" time="0.010" /><testcase classname="tests.test_section_l.TestPaymentPlans" name="test_exec_forbidden_to_create_plan" time="0.010" /><testcase classname="tests.test_section_l.TestCostSheetMath" name="test_within_5_auto_approved" time="0.013" /><testcase classname="tests.test_section_l.TestCostSheetMath" name="test_over_5_pending_creates_approval" time="0.030" /><testcase classname="tests.test_section_l.TestCostSheetMath" name="test_over_10_band" time="0.018" /><testcase classname="tests.test_section_opq.TestCollections" name="test_dashboard_shape" time="0.409" /><testcase classname="tests.test_section_opq.TestCollections" name="test_exec_can_read_collections" time="0.263" /><testcase classname="tests.test_section_opq.TestCollections" name="test_overdue_aging_bucket" time="0.829" /><testcase classname="tests.test_phase3_workflow_rbac.TestWorkflowCrudAndTally" name="test_create_with_tally" time="0.018"><error message="failed on setup with &quot;AssertionError: login process@crm.local failed 429: {&quot;message&quot;:&quot;Too Many Attempts.&quot;}&#10;assert 429 == 200&#10; +  where 429 = &lt;Response [429]&gt;.status_code&quot;">E   AssertionError: login process@crm.local failed 429: {"message":"Too Many Attempts."}
    assert 429 == 200
     +  where 429 = &lt;Response [429]&gt;.status_code</error></testcase><testcase classname="tests.test_phase3_workflow_rbac.TestWorkflowCrudAndTally" name="test_admin_can_activate_and_delete" time="0.057"><error message="failed on setup with &quot;AssertionError: login admin@crm.local failed 429: {&quot;message&quot;:&quot;Too Many Attempts.&quot;}&#10;assert 429 == 200&#10; +  where 429 = &lt;Response [429]&gt;.status_code&quot;">E   AssertionError: login admin@crm.local failed 429: {"message":"Too Many Attempts."}
    assert 429 == 200
     +  where 429 = &lt;Response [429]&gt;.status_code</error></testcase><testcase classname="tests.test_phase3_workflow_rbac.TestWorkflowCrudAndTally" name="test_validation_name_required" time="0.000"><error message="failed on setup with &quot;AssertionError: login process@crm.local failed 429: {&quot;message&quot;:&quot;Too Many Attempts.&quot;}&#10;assert 429 == 200&#10; +  where 429 = &lt;Response [429]&gt;.status_code&quot;">E   AssertionError: login process@crm.local failed 429: {"message":"Too Many Attempts."}
    assert 429 == 200
     +  where 429 = &lt;Response [429]&gt;.status_code</error></testcase><testcase classname="tests.test_section_r2_automation.TestConcurrencyDedup" name="test_parallel_identical_creates_collapse_to_one" time="0.161" /><testcase classname="tests.test_section_r2_automation.TestConcurrencyDedup" name="test_sequential_duplicate_blocked" time="0.098" /><testcase classname="tests.test_section_r2_automation.TestConcurrencyDedup" name="test_force_duplicate_creates_new" time="0.130" /><testcase classname="tests.test_section_t.TestAuditLogs" name="test_audit_index_shape" time="0.023" /><testcase classname="tests.test_section_t.TestAuditLogs" name="test_audit_generated_by_lead_action" time="0.110" /><testcase classname="tests.test_section_r2_automation.TestStakeholders" name="test_add_and_primary_demotes" time="0.110" /><testcase classname="tests.test_section_t.TestAuditLogs" name="test_audit_filter_action" time="0.043" /><testcase classname="tests.test_section_r2_automation.TestStakeholders" name="test_remove_by_index" time="0.111" /><testcase classname="tests.test_widget_branding.TestBrandingIsolation" name="test_sales_exec_forbidden" time="0.015"><error message="failed on setup with &quot;AssertionError: {&quot;message&quot;:&quot;Too Many Attempts.&quot;}&#10;assert 429 == 200&#10; +  where 429 = &lt;Response [429]&gt;.status_code&quot;">E   AssertionError: {"message":"Too Many Attempts."}
    assert 429 == 200
     +  where 429 = &lt;Response [429]&gt;.status_code</error></testcase><testcase classname="tests.test_widget_branding.TestBrandingIsolation" name="test_admin_without_partner_profile_404" time="0.014"><error message="failed on setup with &quot;AssertionError: {&quot;message&quot;:&quot;Too Many Attempts.&quot;}&#10;assert 429 == 200&#10; +  where 429 = &lt;Response [429]&gt;.status_code&quot;">E   AssertionError: {"message":"Too Many Attempts."}
    assert 429 == 200
     +  where 429 = &lt;Response [429]&gt;.status_code</error></testcase><testcase classname="tests.test_widget_branding.TestBrandingIsolation" name="test_partner_cannot_affect_other_partner" time="0.014"><error message="failed on setup with &quot;AssertionError: {&quot;message&quot;:&quot;Too Many Attempts.&quot;}&#10;assert 429 == 200&#10; +  where 429 = &lt;Response [429]&gt;.status_code&quot;">E   AssertionError: {"message":"Too Many Attempts."}
    assert 429 == 200
     +  where 429 = &lt;Response [429]&gt;.status_code</error></testcase><testcase classname="tests.test_phase_b.TestSiteVisitList" name="test_upcoming_filter" time="0.024" /><testcase classname="tests.test_phase_b.TestSiteVisitList" name="test_filter_by_status" time="0.044" /><testcase classname="tests.test_section_r2_automation.TestStakeholders" name="test_exec_can_add_stakeholder" time="0.067" /><testcase classname="tests.test_phase_b.TestInventory" name="test_tree_shape_and_counts" time="0.045" /><testcase classname="tests.test_section_l.TestSelectPlanShareList" name="test_select_plan_and_share" time="0.148" /><testcase classname="tests.test_phase_b.TestInventory" name="test_available_plots_only_available" time="0.043" /><testcase classname="tests.test_section_r.TestPaymentFail" name="test_payment_fail_reverts_milestone" time="0.017"><error message="failed on setup with &quot;requests.exceptions.HTTPError: 429 Client Error: Too Many Requests for url: http://127.0.0.1:8000/api/v1/auth/login&quot;">E   requests.exceptions.HTTPError: 429 Client Error: Too Many Requests for url: http://127.0.0.1:8000/api/v1/auth/login</error></testcase><testcase classname="tests.test_section_l.TestSelectPlanShareList" name="test_lead_cost_sheet_listing" time="0.016" /><testcase classname="tests.test_section_r.TestPaymentFail" name="test_payment_fail_requires_postsales_manage" time="0.037"><error message="failed on setup with &quot;requests.exceptions.HTTPError: 429 Client Error: Too Many Requests for url: http://127.0.0.1:8000/api/v1/auth/login&quot;">E   requests.exceptions.HTTPError: 429 Client Error: Too Many Requests for url: http://127.0.0.1:8000/api/v1/auth/login</error></testcase><testcase classname="tests.test_section_s.TestSlaEscalation" name="test_verify_task_2h_breach_escalates_to_manager" time="0.913" /><testcase classname="tests.test_section_r.TestBookingCancel" name="test_cancel_releases_plot_and_cancels_milestones" time="0.039"><error message="failed on setup with &quot;requests.exceptions.HTTPError: 429 Client Error: Too Many Requests for url: http://127.0.0.1:8000/api/v1/auth/login&quot;">E   requests.exceptions.HTTPError: 429 Client Error: Too Many Requests for url: http://127.0.0.1:8000/api/v1/auth/login</error></testcase><testcase classname="tests.test_section_r.TestBookingCancel" name="test_cancel_requires_postsales_manage" time="0.001"><error message="failed on setup with &quot;requests.exceptions.HTTPError: 429 Client Error: Too Many Requests for url: http://127.0.0.1:8000/api/v1/auth/login&quot;">E   requests.exceptions.HTTPError: 429 Client Error: Too Many Requests for url: http://127.0.0.1:8000/api/v1/auth/login</error></testcase><testcase classname="tests.test_section_t.TestRbac" name="test_marketing_can_access_all_three" time="0.012"><error message="failed on setup with &quot;requests.exceptions.HTTPError: 429 Client Error: Too Many Requests for url: http://127.0.0.1:8000/api/v1/auth/login&quot;">E   requests.exceptions.HTTPError: 429 Client Error: Too Many Requests for url: http://127.0.0.1:8000/api/v1/auth/login</error></testcase><testcase classname="tests.test_section_t.TestRbac" name="test_sales_exec_forbidden" time="0.045" /><testcase classname="tests.test_widget_branding.TestBrandingSave" name="test_put_branding_success" time="0.008"><error message="failed on setup with &quot;AssertionError: {&quot;message&quot;:&quot;Too Many Attempts.&quot;}&#10;assert 429 == 200&#10; +  where 429 = &lt;Response [429]&gt;.status_code&quot;">E   AssertionError: {"message":"Too Many Attempts."}
    assert 429 == 200
     +  where 429 = &lt;Response [429]&gt;.status_code</error></testcase><testcase classname="tests.test_widget_branding.TestBrandingSave" name="test_portal_returns_snippet" time="0.000"><error message="failed on setup with &quot;AssertionError: {&quot;message&quot;:&quot;Too Many Attempts.&quot;}&#10;assert 429 == 200&#10; +  where 429 = &lt;Response [429]&gt;.status_code&quot;">E   AssertionError: {"message":"Too Many Attempts."}
    assert 429 == 200
     +  where 429 = &lt;Response [429]&gt;.status_code</error></testcase><testcase classname="tests.test_widget_branding.TestPublicWidgetConfig" name="test_reflects_partner_branding" time="0.000"><error message="failed on setup with &quot;AssertionError: {&quot;message&quot;:&quot;Too Many Attempts.&quot;}&#10;assert 429 == 200&#10; +  where 429 = &lt;Response [429]&gt;.status_code&quot;">E   AssertionError: {"message":"Too Many Attempts."}
    assert 429 == 200
     +  where 429 = &lt;Response [429]&gt;.status_code</error></testcase><testcase classname="tests.test_widget_branding.TestPublicWidgetConfig" name="test_badcode_returns_defaults_200" time="0.008"><failure message="assert 429 == 200&#10; +  where 429 = &lt;Response [429]&gt;.status_code">E   assert 429 == 200
     +  where 429 = &lt;Response [429]&gt;.status_code</failure></testcase><testcase classname="tests.test_widget_branding.TestRegressionCaptures" name="test_partner_refer_creates_lead" time="0.000"><error message="failed on setup with &quot;AssertionError: {&quot;message&quot;:&quot;Too Many Attempts.&quot;}&#10;assert 429 == 200&#10; +  where 429 = &lt;Response [429]&gt;.status_code&quot;">E   AssertionError: {"message":"Too Many Attempts."}
    assert 429 == 200
     +  where 429 = &lt;Response [429]&gt;.status_code</error></testcase><testcase classname="tests.test_widget_branding.TestRegressionCaptures" name="test_chatbot_creates_lead" time="0.053"><failure message="AssertionError: 429 {&quot;message&quot;:&quot;Too Many Attempts.&quot;}&#10;assert 429 in (200, 201)&#10; +  where 429 = &lt;Response [429]&gt;.status_code">E   AssertionError: 429 {"message":"Too Many Attempts."}
    assert 429 in (200, 201)
     +  where 429 = &lt;Response [429]&gt;.status_code</failure></testcase><testcase classname="tests.test_phase2_onboarding_rbac.TestProvisioning" name="test_full_provisioning_and_force_change_flow" time="0.010"><error message="failed on setup with &quot;AssertionError: login failed 429: {&quot;message&quot;:&quot;Too Many Attempts.&quot;}&quot;">E   AssertionError: login failed 429: {"message":"Too Many Attempts."}</error></testcase><testcase classname="tests.test_phase_b.TestSlots" name="test_slots_shape" time="0.011" /><testcase classname="tests.test_section_r.TestWhatsAppSuppression" name="test_whatsapp_service_skips_dnc" time="0.008"><error message="failed on setup with &quot;requests.exceptions.HTTPError: 429 Client Error: Too Many Requests for url: http://127.0.0.1:8000/api/v1/auth/login&quot;">E   requests.exceptions.HTTPError: 429 Client Error: Too Many Requests for url: http://127.0.0.1:8000/api/v1/auth/login</error></testcase><testcase classname="tests.test_section_r.TestOverdueNudge" name="test_overdue_nudge_and_demand_letter" time="0.000"><error message="failed on setup with &quot;requests.exceptions.HTTPError: 429 Client Error: Too Many Requests for url: http://127.0.0.1:8000/api/v1/auth/login&quot;">E   requests.exceptions.HTTPError: 429 Client Error: Too Many Requests for url: http://127.0.0.1:8000/api/v1/auth/login</error></testcase><testcase classname="tests.test_section_r2_automation.TestInterestedUnits" name="test_set_and_dedup" time="0.102" /><testcase classname="tests.test_section_r2_automation.TestSwitchProject" name="test_switch_project_updates_and_audits" time="0.162" /><testcase classname="tests.test_section_s.TestLeadCreatedEvent" name="test_lead_created_fires_welcome_whatsapp_and_verify_task" time="0.130" /><testcase classname="tests.test_section_t.TestPerformance" name="test_performance_shape" time="0.010" /><testcase classname="tests.test_section_s.TestSlaEscalation" name="test_overdue_follow_up_escalates_to_manager" time="0.450" /><testcase classname="tests.test_section_t.TestSystemHealth" name="test_health_shape" time="0.010" /><testcase classname="tests.test_section_t.TestSystemHealth" name="test_health_integrations_all_mock" time="0.010" /></testsuite></testsuites>