<?xml version="1.0" encoding="utf-8"?><testsuites name="pytest tests"><testsuite name="pytest" errors="0" failures="0" skipped="0" tests="10" time="0.543" timestamp="2026-08-14T08:42:11.626561+00:00" hostname="agent-env-1c6bb7a7-4238-4cbe-a25a-3b41d26d1833"><testcase classname="tests.test_journey_builder.TestStatusCatalog" name="test_five_stages_forty_five_statuses" time="0.280" /><testcase classname="tests.test_journey_builder.TestStatusCatalog" name="test_gate_defined_on_meeting_scheduled" time="0.015" /><testcase classname="tests.test_journey_builder.TestTransitions" name="test_disallowed_jump_returns_422" time="0.067" /><testcase classname="tests.test_journey_builder.TestTransitions" name="test_first_move_stamps_sla" time="0.012" /><testcase classname="tests.test_journey_builder.TestTransitions" name="test_gate_blocks_missing_fields" time="0.043" /><testcase classname="tests.test_journey_builder.TestWorkflowPersistence" name="test_seeded_workflow_has_journey_and_drawflow" time="0.020" /><testcase classname="tests.test_journey_builder.TestWorkflowPersistence" name="test_simulate_walks_journey" time="0.023" /><testcase classname="tests.test_journey_builder.TestRegression" name="test_page_apis_ok[leads]" time="0.013" /><testcase classname="tests.test_journey_builder.TestRegression" name="test_page_apis_ok[leads/board]" time="0.014" /><testcase classname="tests.test_journey_builder.TestRegression" name="test_page_apis_ok[dashboard]" time="0.014" /></testsuite></testsuites>