<?xml version="1.0" encoding="utf-8"?><testsuites name="pytest tests"><testsuite name="pytest" errors="0" failures="0" skipped="0" tests="19" time="7.157" timestamp="2026-08-09T20:02:40.541453+00:00" hostname="agent-env-1c6bb7a7-4238-4cbe-a25a-3b41d26d1833"><testcase classname="tests.test_phase4_flow_engine" name="test_simulate_condition_branch_hot" time="0.674" /><testcase classname="tests.test_phase4_flow_engine" name="test_simulate_condition_branch_not_hot" time="0.212" /><testcase classname="tests.test_phase4_flow_engine" name="test_simulate_uses_latest_lead_when_no_id" time="0.041" /><testcase classname="tests.test_phase4_flow_engine" name="test_wait_pauses_and_resumes" time="0.524" /><testcase classname="tests.test_phase4_flow_engine" name="test_new_lead_trigger_creates_run_and_task" time="0.739" /><testcase classname="tests.test_phase4_flow_engine" name="test_lead_creation_not_broken_by_workflow_error" time="0.077" /><testcase classname="tests.test_phase4_flow_engine" name="test_checklist_lists_templates_with_exists_flag" time="0.190" /><testcase classname="tests.test_phase4_flow_engine" name="test_runs_endpoint_includes_lead_relation" time="0.212" /><testcase classname="tests.test_phase4_flow_engine" name="test_rbac_simulate[admin-200]" time="0.457" /><testcase classname="tests.test_phase4_flow_engine" name="test_rbac_simulate[process-200]" time="0.448" /><testcase classname="tests.test_phase4_flow_engine" name="test_rbac_simulate[sales_head-403]" time="0.442" /><testcase classname="tests.test_phase4_flow_engine" name="test_rbac_runs[admin-200]" time="0.269" /><testcase classname="tests.test_phase4_flow_engine" name="test_rbac_runs[process-200]" time="0.270" /><testcase classname="tests.test_phase4_flow_engine" name="test_rbac_runs[sales_head-403]" time="0.272" /><testcase classname="tests.test_phase4_flow_engine" name="test_rbac_checklist[admin-200]" time="0.270" /><testcase classname="tests.test_phase4_flow_engine" name="test_rbac_checklist[process-200]" time="0.267" /><testcase classname="tests.test_phase4_flow_engine" name="test_rbac_checklist[sales_head-403]" time="0.269" /><testcase classname="tests.test_phase4_flow_engine" name="test_regression_partner_leads_forbidden" time="0.256" /><testcase classname="tests.test_phase4_flow_engine" name="test_regression_accounts_edit_lead_forbidden" time="0.691" /></testsuite></testsuites>