<?xml version="1.0" encoding="utf-8"?><testsuites name="pytest tests"><testsuite name="pytest" errors="0" failures="0" skipped="0" tests="18" time="1.627" timestamp="2026-08-09T03:53:38.546798+00:00" hostname="agent-env-1c6bb7a7-4238-4cbe-a25a-3b41d26d1833"><testcase classname="tests.test_phase_b.TestInventory" name="test_tree_shape_and_counts" time="0.267" /><testcase classname="tests.test_phase_b.TestInventory" name="test_available_plots_only_available" time="0.024" /><testcase classname="tests.test_phase_b.TestPlotPhaseCrud" name="test_plot_create_update_delete_admin" time="0.055" /><testcase classname="tests.test_phase_b.TestPlotPhaseCrud" name="test_plot_create_forbidden_for_exec" time="0.272" /><testcase classname="tests.test_phase_b.TestPlotPhaseCrud" name="test_phase_create_update_admin" time="0.030" /><testcase classname="tests.test_phase_b.TestPlotPhaseCrud" name="test_phase_create_forbidden_for_exec" time="0.020" /><testcase classname="tests.test_phase_b.TestSlots" name="test_slots_shape" time="0.009" /><testcase classname="tests.test_phase_b.TestSiteVisitFlow" name="test_schedule_moves_lead_and_creates_task" time="0.101" /><testcase classname="tests.test_phase_b.TestSiteVisitFlow" name="test_slot_marked_unavailable_after_schedule" time="0.067" /><testcase classname="tests.test_phase_b.TestSiteVisitFlow" name="test_confirm_checkin_checkout" time="0.093" /><testcase classname="tests.test_phase_b.TestSiteVisitFlow" name="test_outcome_interested_handover_and_hold" time="0.125" /><testcase classname="tests.test_phase_b.TestSiteVisitFlow" name="test_outcome_considering" time="0.092" /><testcase classname="tests.test_phase_b.TestSiteVisitFlow" name="test_outcome_not_interested" time="0.093" /><testcase classname="tests.test_phase_b.TestSiteVisitFlow" name="test_reschedule_escalation" time="0.125" /><testcase classname="tests.test_phase_b.TestSiteVisitFlow" name="test_no_show" time="0.103" /><testcase classname="tests.test_phase_b.TestSiteVisitFlow" name="test_cancel" time="0.073" /><testcase classname="tests.test_phase_b.TestSiteVisitList" name="test_upcoming_filter" time="0.012" /><testcase classname="tests.test_phase_b.TestSiteVisitList" name="test_filter_by_status" time="0.011" /></testsuite></testsuites>