<?xml version="1.0" encoding="utf-8"?><testsuites name="pytest tests"><testsuite name="pytest" errors="0" failures="0" skipped="0" tests="8" time="3.805" timestamp="2026-08-09T20:21:21.311029+00:00" hostname="agent-env-1c6bb7a7-4238-4cbe-a25a-3b41d26d1833"><testcase classname="tests.test_phase5_lead_journey" name="test_journey_lead20_waiting_shape_admin" time="0.313" /><testcase classname="tests.test_phase5_lead_journey" name="test_journey_lead20_bde_can_access" time="0.264" /><testcase classname="tests.test_phase5_lead_journey" name="test_journey_lead20_sales_head_can_access" time="0.257" /><testcase classname="tests.test_phase5_lead_journey" name="test_journey_partner_forbidden" time="0.258" /><testcase classname="tests.test_phase5_lead_journey" name="test_journey_unauth_forbidden" time="0.007" /><testcase classname="tests.test_phase5_lead_journey" name="test_journey_no_run_returns_active_flow_preview" time="0.469" /><testcase classname="tests.test_phase5_lead_journey" name="test_journey_completed_run_hot_lead" time="1.464" /><testcase classname="tests.test_phase5_lead_journey" name="test_journey_missing_lead_404" time="0.254" /></testsuite></testsuites>