<?xml version="1.0" encoding="utf-8"?><testsuites name="pytest tests"><testsuite name="pytest" errors="0" failures="0" skipped="0" tests="10" time="2.767" timestamp="2026-08-09T19:25:43.754506+00:00" hostname="agent-env-1c6bb7a7-4238-4cbe-a25a-3b41d26d1833"><testcase classname="tests.test_phase2_onboarding_rbac.TestOnboarding" name="test_get_state" time="0.265" /><testcase classname="tests.test_phase2_onboarding_rbac.TestOnboarding" name="test_put_setup_choice_later" time="0.012" /><testcase classname="tests.test_phase2_onboarding_rbac.TestOnboarding" name="test_put_step_marking" time="0.012" /><testcase classname="tests.test_phase2_onboarding_rbac.TestProvisioning" name="test_full_provisioning_and_force_change_flow" time="1.050" /><testcase classname="tests.test_phase2_onboarding_rbac.TestImpersonate" name="test_super_admin_can_impersonate_and_get_target_user" time="0.034" /><testcase classname="tests.test_phase2_onboarding_rbac.TestImpersonate" name="test_non_admin_cannot_impersonate" time="0.255" /><testcase classname="tests.test_phase2_onboarding_rbac.TestImpersonate" name="test_channel_partner_cannot_impersonate" time="0.257" /><testcase classname="tests.test_phase2_onboarding_rbac.TestRbacRegression" name="test_accounts_support_cannot_edit_lead" time="0.288" /><testcase classname="tests.test_phase2_onboarding_rbac.TestRbacRegression" name="test_sales_head_can_edit_lead" time="0.290" /><testcase classname="tests.test_phase2_onboarding_rbac.TestRbacRegression" name="test_partner_leads_forbidden_portal_ok" time="0.265" /></testsuite></testsuites>