<?xml version="1.0" encoding="utf-8"?><testsuites name="pytest tests"><testsuite name="pytest" errors="0" failures="0" skipped="0" tests="17" time="3.880" timestamp="2026-08-09T19:46:15.965846+00:00" hostname="agent-env-1c6bb7a7-4238-4cbe-a25a-3b41d26d1833"><testcase classname="tests.test_phase3_workflow_rbac.TestRegressionPhase12" name="test_partner_leads_forbidden" time="0.533" /><testcase classname="tests.test_phase3_workflow_rbac.TestWorkflowRBAC" name="test_process_admin_can_list" time="0.543" /><testcase classname="tests.test_phase3_workflow_rbac.TestWorkflowRBAC" name="test_admin_can_list" time="0.766" /><testcase classname="tests.test_phase3_workflow_rbac.TestRegressionPhase12" name="test_accounts_support_cannot_edit_lead" time="1.059" /><testcase classname="tests.test_phase3_workflow_rbac.TestWorkflowRBAC" name="test_sales_head_forbidden_list" time="0.290" /><testcase classname="tests.test_phase3_workflow_rbac.TestWorkflowRBAC" name="test_sales_head_forbidden_create" time="0.260" /><testcase classname="tests.test_phase3_workflow_rbac.TestRegressionPhase12" name="test_sales_head_can_edit_lead" time="0.563" /><testcase classname="tests.test_phase3_workflow_rbac.TestWorkflowRBAC" name="test_partner_forbidden" time="0.302" /><testcase classname="tests.test_phase3_workflow_rbac.TestRegressionPhase12" name="test_force_password_change_still_works" time="0.562" /><testcase classname="tests.test_phase3_workflow_rbac.TestOnboardingReset" name="test_admin_can_reset" time="0.018" /><testcase classname="tests.test_phase3_workflow_rbac.TestOnboardingReset" name="test_process_admin_can_reset" time="0.260" /><testcase classname="tests.test_phase3_workflow_rbac.TestOnboardingReset" name="test_sales_head_cannot_reset" time="0.265" /><testcase classname="tests.test_phase3_workflow_rbac.TestRegressionPhase12" name="test_impersonate_admin_only" time="0.258" /><testcase classname="tests.test_phase3_workflow_rbac.TestOnboardingReset" name="test_accounts_support_cannot_reset" time="0.275" /><testcase classname="tests.test_phase3_workflow_rbac.TestWorkflowCrudAndTally" name="test_create_with_tally" time="0.330" /><testcase classname="tests.test_phase3_workflow_rbac.TestWorkflowCrudAndTally" name="test_admin_can_activate_and_delete" time="0.035" /><testcase classname="tests.test_phase3_workflow_rbac.TestWorkflowCrudAndTally" name="test_validation_name_required" time="0.010" /></testsuite></testsuites>