<?xml version="1.0" encoding="utf-8"?><testsuites name="pytest tests"><testsuite name="pytest" errors="0" failures="0" skipped="1" tests="20" time="6.339" timestamp="2026-08-17T07:46:21.616235+00:00" hostname="agent-env-1c6bb7a7-4238-4cbe-a25a-3b41d26d1833"><testcase classname="tests.test_finance_ops.TestAuth" name="test_management_login" time="0.383" /><testcase classname="tests.test_finance_ops.TestAuth" name="test_site1_login" time="0.342" /><testcase classname="tests.test_finance_ops.TestAuth" name="test_site2_login" time="0.342" /><testcase classname="tests.test_finance_ops.TestExpenseWorkflow" name="test_site1_raise_on_assigned_project" time="0.154" /><testcase classname="tests.test_finance_ops.TestExpenseWorkflow" name="test_site1_raise_on_unassigned_project_forbidden" time="0.117" /><testcase classname="tests.test_finance_ops.TestExpenseWorkflow" name="test_two_stage_approval_happy_path" time="0.958" /><testcase classname="tests.test_finance_ops.TestExpenseWorkflow" name="test_site_manager_cannot_approve" time="0.246" /><testcase classname="tests.test_finance_ops.TestExpenseWorkflow" name="test_reject_requires_reason" time="0.411" /><testcase classname="tests.test_finance_ops.TestProjectScoping" name="test_site1_expenses_scoped" time="0.124" /><testcase classname="tests.test_finance_ops.TestProjectScoping" name="test_site1_leads_scoped" time="0.141"><skipped type="pytest.skip" message="site_manager has no leads.view permission (RBAC by design)">/app/backend/tests/test_finance_ops.py:183: site_manager has no leads.view permission (RBAC by design)</skipped></testcase><testcase classname="tests.test_finance_ops.TestProjectScoping" name="test_site1_inventory_scoped" time="0.147" /><testcase classname="tests.test_finance_ops.TestProjectScoping" name="test_admin_sees_all" time="0.505" /><testcase classname="tests.test_finance_ops.TestStock" name="test_list_items" time="0.129" /><testcase classname="tests.test_finance_ops.TestStock" name="test_inward_without_expense_422" time="0.262" /><testcase classname="tests.test_finance_ops.TestStock" name="test_inward_with_approved_expense_ok" time="0.369" /><testcase classname="tests.test_finance_ops.TestStock" name="test_outward_without_expense_ok" time="0.210" /><testcase classname="tests.test_finance_ops.TestFinance" name="test_overview" time="0.117" /><testcase classname="tests.test_finance_ops.TestFinance" name="test_rahul_forbidden_from_finance" time="0.540" /><testcase classname="tests.test_finance_ops.TestFinance" name="test_set_target_and_reflect" time="0.268" /><testcase classname="tests.test_finance_ops.TestUserProjects" name="test_assign_projects" time="0.522" /></testsuite></testsuites>