<?xml version="1.0" encoding="utf-8"?><testsuites name="pytest tests"><testsuite name="pytest" errors="0" failures="1" skipped="0" tests="26" time="1.454" timestamp="2026-08-09T03:25:52.680467+00:00" hostname="agent-env-1c6bb7a7-4238-4cbe-a25a-3b41d26d1833"><testcase classname="tests.test_laravel_crm.TestAuth" name="test_admin_login_role_perms" time="0.247" /><testcase classname="tests.test_laravel_crm.TestAuth" name="test_me_endpoint" time="0.255" /><testcase classname="tests.test_laravel_crm.TestAuth" name="test_invalid_credentials_422" time="0.239" /><testcase classname="tests.test_laravel_crm.TestDashboard" name="test_dashboard_fields" time="0.011" /><testcase classname="tests.test_laravel_crm.TestLeadCapture" name="test_lead_created_with_new_lead_status" time="0.044" /><testcase classname="tests.test_laravel_crm.TestLeadCapture" name="test_verify_task_created" time="0.011" /><testcase classname="tests.test_laravel_crm.TestLeadCapture" name="test_missing_email_and_phone_422" time="0.008" /><testcase classname="tests.test_laravel_crm.TestDuplicate" name="test_duplicate_returns_409" time="0.009" /><testcase classname="tests.test_laravel_crm.TestDuplicate" name="test_duplicate_force" time="0.028" /><testcase classname="tests.test_laravel_crm.TestDuplicate" name="test_check_duplicate_endpoint" time="0.008" /><testcase classname="tests.test_laravel_crm.TestQualify" name="test_qualify_updates_score_status" time="0.010"><failure message="AssertionError: {&quot;message&quot;:&quot;The given data was invalid.&quot;,&quot;errors&quot;:{&quot;timeline&quot;:[&quot;The selected timeline is invalid.&quot;],&quot;financing&quot;:[&quot;The selected financing is invalid.&quot;],&quot;decision_maker&quot;:[&quot;The selected decision maker is invalid.&quot;]}}&#10;assert 422 == 200&#10; +  where 422 = &lt;Response [422]&gt;.status_code">backend/tests/test_laravel_crm.py:110: in test_qualify_updates_score_status
    assert r.status_code == 200, r.text
E   AssertionError: {"message":"The given data was invalid.","errors":{"timeline":["The selected timeline is invalid."],"financing":["The selected financing is invalid."],"decision_maker":["The selected decision maker is invalid."]}}
E   assert 422 == 200
E    +  where 422 = &lt;Response [422]&gt;.status_code</failure></testcase><testcase classname="tests.test_laravel_crm.TestTransition" name="test_transition_interested" time="0.022" /><testcase classname="tests.test_laravel_crm.TestTransition" name="test_automation_logs_status_changed" time="0.010" /><testcase classname="tests.test_laravel_crm.TestTransition" name="test_downgrade_blocked_for_exec" time="0.314" /><testcase classname="tests.test_laravel_crm.TestComms" name="test_call_log_no_answer" time="0.018" /><testcase classname="tests.test_laravel_crm.TestComms" name="test_whatsapp_mock" time="0.013" /><testcase classname="tests.test_laravel_crm.TestComms" name="test_email_mock" time="0.015" /><testcase classname="tests.test_laravel_crm.TestCallList" name="test_call_list_ordered" time="0.013" /><testcase classname="tests.test_laravel_crm.TestBulkImport" name="test_preview_and_commit" time="0.034" /><testcase classname="tests.test_laravel_crm" name="test_config_lists[/scoring-rules]" time="0.009" /><testcase classname="tests.test_laravel_crm" name="test_config_lists[/automation-rules]" time="0.008" /><testcase classname="tests.test_laravel_crm" name="test_config_lists[/templates]" time="0.008" /><testcase classname="tests.test_laravel_crm" name="test_config_lists[/sequences]" time="0.010" /><testcase classname="tests.test_laravel_crm" name="test_config_lists[/users]" time="0.010" /><testcase classname="tests.test_laravel_crm" name="test_config_lists[/roles]" time="0.008" /><testcase classname="tests.test_laravel_crm.TestWebhook" name="test_webhook_no_auth" time="0.024" /></testsuite></testsuites>