<?xml version="1.0" encoding="utf-8"?><testsuites name="pytest tests"><testsuite name="pytest" errors="0" failures="1" skipped="0" tests="100" time="12.684" timestamp="2026-08-09T06:25:28.503669+00:00" hostname="agent-env-1c6bb7a7-4238-4cbe-a25a-3b41d26d1833"><testcase classname="tests.test_section_n.TestSectionN" name="test_login" time="0.501" /><testcase classname="tests.test_section_n.TestSectionN" name="test_won_verify_paytoken_confirms_booking" time="0.179" /><testcase classname="tests.test_phase_b.TestSiteVisitFlow" name="test_schedule_moves_lead_and_creates_task" time="0.690" /><testcase classname="tests.test_section_n.TestSectionN" name="test_pay_token_creates_receipt_and_welcome_and_checklist" time="0.199" /><testcase classname="tests.test_phase_b.TestSiteVisitFlow" name="test_slot_marked_unavailable_after_schedule" time="0.116" /><testcase classname="tests.test_phase_b.TestSiteVisitFlow" name="test_confirm_checkin_checkout" time="0.189" /><testcase classname="tests.test_section_n.TestSectionN" name="test_welcome_letter_idempotent" time="0.232" /><testcase classname="tests.test_phase_b.TestSiteVisitFlow" name="test_outcome_interested_handover_and_hold" time="0.250" /><testcase classname="tests.test_section_n.TestSectionN" name="test_record_milestone_payment_creates_serial_receipt" time="0.215" /><testcase classname="tests.test_phase_b.TestSiteVisitFlow" name="test_outcome_considering" time="0.190" /><testcase classname="tests.test_section_n.TestSectionN" name="test_verify_payment" time="0.252" /><testcase classname="tests.test_phase_b.TestSiteVisitFlow" name="test_outcome_not_interested" time="0.154" /><testcase classname="tests.test_section_n.TestSectionN" name="test_reconcile_matched_and_discrepancy" time="0.285" /><testcase classname="tests.test_phase_b.TestSiteVisitFlow" name="test_reschedule_escalation" time="0.259" /><testcase classname="tests.test_section_n.TestSectionN" name="test_reconciliation_dashboard" time="0.033" /><testcase classname="tests.test_phase_b.TestSiteVisitFlow" name="test_no_show" time="0.164" /><testcase classname="tests.test_section_n.TestSectionN" name="test_documents_update_flow" time="0.526" /><testcase classname="tests.test_phase_b.TestSiteVisitFlow" name="test_cancel" time="0.130" /><testcase classname="tests.test_section_n.TestSectionN" name="test_rahul_forbidden_from_postsales" time="1.314" /><testcase classname="tests.test_section_m" name="test_won_creates_booking_and_locks_lead" time="1.490" /><testcase classname="tests.test_section_m" name="test_lock_blocks_sales_exec_and_allows_cs" time="0.439" /><testcase classname="tests.test_section_n.TestSectionN" name="test_cs_can_record_but_not_create_leads" time="0.495" /><testcase classname="tests.test_section_m" name="test_public_booking_form_get_and_submit" time="0.281" /><testcase classname="tests.test_section_n.TestSectionN" name="test_regression_lead_locked_after_won" time="0.230" /><testcase classname="tests.test_section_m" name="test_lost_sets_reason_and_releases" time="0.092" /><testcase classname="tests.test_section_m" name="test_bookings_list_and_show" time="0.348" /><testcase classname="tests.test_laravel_crm" name="test_config_lists[/scoring-rules]" time="0.307" /><testcase classname="tests.test_laravel_crm" name="test_config_lists[/automation-rules]" time="0.019" /><testcase classname="tests.test_laravel_crm" name="test_config_lists[/templates]" time="0.015" /><testcase classname="tests.test_laravel_crm" name="test_config_lists[/sequences]" time="0.034" /><testcase classname="tests.test_section_m" name="test_rbac_marketing_cannot_won" time="0.057" /><testcase classname="tests.test_laravel_crm" name="test_config_lists[/users]" time="0.024" /><testcase classname="tests.test_laravel_crm" name="test_config_lists[/roles]" time="0.034" /><testcase classname="tests.test_section_m" name="test_rahul_can_initiate_won" time="0.070" /><testcase classname="tests.test_phase_b.TestPlotPhaseCrud" name="test_plot_create_update_delete_admin" time="0.381" /><testcase classname="tests.test_section_l.TestApprovalsAndProposals" name="test_proposal_gated_when_pending" time="0.082" /><testcase classname="tests.test_section_l.TestApprovalsAndProposals" name="test_exec_forbidden_to_decide" time="0.562" /><testcase classname="tests.test_phase_b.TestPlotPhaseCrud" name="test_plot_create_forbidden_for_exec" time="0.299" /><testcase classname="tests.test_phase_b.TestPlotPhaseCrud" name="test_phase_create_update_admin" time="0.310" /><testcase classname="tests.test_section_l.TestApprovalsAndProposals" name="test_manager_approves" time="0.356" /><testcase classname="tests.test_phase_b.TestPlotPhaseCrud" name="test_phase_create_forbidden_for_exec" time="0.045" /><testcase classname="tests.test_section_l.TestApprovalsAndProposals" name="test_manager_rejects" time="0.328" /><testcase classname="tests.test_section_l.TestApprovalsAndProposals" name="test_counter_recomputes" time="0.140" /><testcase classname="tests.test_section_opq.TestMilestones" name="test_schedule_generated_after_token" time="0.452" /><testcase classname="tests.test_section_l.TestApprovalsAndProposals" name="test_full_proposal_flow" time="0.413" /><testcase classname="tests.test_section_opq.TestMilestones" name="test_pay_milestone_neft" time="0.330" /><testcase classname="tests.test_section_opq.TestMilestones" name="test_pay_partial" time="0.498" /><testcase classname="tests.test_section_opq.TestAllotmentAndAFS" name="test_allotment_auto_at_10pct" time="0.709" /><testcase classname="tests.test_section_opq.TestMilestones" name="test_rbac_pay_requires_postsales_manage" time="0.338" /><testcase classname="tests.test_section_opq.TestAllotmentAndAFS" name="test_allotment_idempotent" time="0.043" /><testcase classname="tests.test_section_opq.TestDemandLetters" name="test_generate_and_interest" time="0.918" /><testcase classname="tests.test_section_opq.TestAllotmentAndAFS" name="test_afs_full_lifecycle" time="0.446" /><testcase classname="tests.test_section_opq.TestAllotmentAndAFS" name="test_afs_rbac" time="0.631" /><testcase classname="tests.test_section_opq.TestDemandLetters" name="test_422_on_not_overdue" time="0.495" /><testcase classname="tests.test_laravel_crm.TestAuth" name="test_admin_login_role_perms" time="0.294" /><testcase classname="tests.test_laravel_crm.TestAuth" name="test_me_endpoint" time="0.022" /><testcase classname="tests.test_laravel_crm.TestAuth" name="test_invalid_credentials_422" time="0.259" /><testcase classname="tests.test_section_opq.TestDemandLetters" name="test_deliver_and_escalate" time="0.855" /><testcase classname="tests.test_laravel_crm.TestLeadCapture" name="test_lead_created_with_new_lead_status" time="0.042" /><testcase classname="tests.test_laravel_crm.TestLeadCapture" name="test_verify_task_created" time="0.046" /><testcase classname="tests.test_laravel_crm.TestLeadCapture" name="test_missing_email_and_phone_422" time="0.017" /><testcase classname="tests.test_laravel_crm.TestTransition" name="test_transition_interested" time="0.070" /><testcase classname="tests.test_laravel_crm.TestTransition" name="test_automation_logs_status_changed" time="0.022" /><testcase classname="tests.test_laravel_crm.TestTransition" name="test_downgrade_blocked_for_exec" time="0.080" /><testcase classname="tests.test_laravel_crm.TestComms" name="test_call_log_no_answer" time="0.065" /><testcase classname="tests.test_laravel_crm.TestComms" name="test_whatsapp_mock" time="0.013" /><testcase classname="tests.test_laravel_crm.TestComms" name="test_email_mock" time="0.014" /><testcase classname="tests.test_section_l.TestPaymentPlans" name="test_list_seeded_plans" time="0.059" /><testcase classname="tests.test_section_l.TestPaymentPlans" name="test_admin_can_create_plan" time="0.011" /><testcase classname="tests.test_section_l.TestPaymentPlans" name="test_exec_forbidden_to_create_plan" time="0.009" /><testcase classname="tests.test_section_l.TestCostSheetMath" name="test_within_5_auto_approved" time="0.047" /><testcase classname="tests.test_section_l.TestCostSheetMath" name="test_over_5_pending_creates_approval" time="0.068" /><testcase classname="tests.test_section_l.TestCostSheetMath" name="test_over_10_band" time="0.024" /><testcase classname="tests.test_section_opq.TestDemandLetters" name="test_rbac_demand_mutations" time="0.947" /><testcase classname="tests.test_section_opq.TestCollections" name="test_dashboard_shape" time="0.552" /><testcase classname="tests.test_section_opq.TestCollections" name="test_exec_can_read_collections" time="0.415" /><testcase classname="tests.test_laravel_crm.TestDuplicate" name="test_duplicate_returns_409" time="0.304" /><testcase classname="tests.test_section_opq.TestCollections" name="test_overdue_aging_bucket" time="1.028" /><testcase classname="tests.test_laravel_crm.TestDuplicate" name="test_duplicate_force" time="0.051" /><testcase classname="tests.test_laravel_crm.TestDuplicate" name="test_check_duplicate_endpoint" time="0.043" /><testcase classname="tests.test_phase_b.TestInventory" name="test_tree_shape_and_counts" time="0.021" /><testcase classname="tests.test_phase_b.TestInventory" name="test_available_plots_only_available" time="0.079" /><testcase classname="tests.test_phase_b.TestSiteVisitList" name="test_upcoming_filter" time="0.012" /><testcase classname="tests.test_phase_b.TestSiteVisitList" name="test_filter_by_status" time="0.011" /><testcase classname="tests.test_section_l.TestSelectPlanShareList" name="test_select_plan_and_share" time="0.102" /><testcase classname="tests.test_section_l.TestSelectPlanShareList" name="test_lead_cost_sheet_listing" time="0.053" /><testcase classname="tests.test_section_t.TestSystemHealth" name="test_health_shape" time="0.009" /><testcase classname="tests.test_section_t.TestSystemHealth" name="test_health_integrations_all_mock" time="0.009" /><testcase classname="tests.test_section_t.TestRbac" name="test_marketing_can_access_all_three" time="0.365" /><testcase classname="tests.test_section_t.TestAuditLogs" name="test_audit_index_shape" time="0.017" /><testcase classname="tests.test_section_t.TestAuditLogs" name="test_audit_generated_by_lead_action" time="0.103" /><testcase classname="tests.test_section_t.TestRbac" name="test_sales_exec_forbidden" time="0.102" /><testcase classname="tests.test_section_t.TestAuditLogs" name="test_audit_filter_action" time="0.017" /><testcase classname="tests.test_laravel_crm.TestDashboard" name="test_dashboard_fields" time="0.020" /><testcase classname="tests.test_laravel_crm.TestQualify" name="test_qualify_updates_score_status" time="0.035"><failure message="AssertionError: expected contacted, got interested&#10;assert 'interested' == 'contacted'&#10;  &#10;  - contacted&#10;  + interested">backend/tests/test_laravel_crm.py:114: in test_qualify_updates_score_status
    assert lead.get("status") == "contacted", f"expected contacted, got {lead.get('status')}"
E   AssertionError: expected contacted, got interested
E   assert 'interested' == 'contacted'
E     
E     - contacted
E     + interested</failure></testcase><testcase classname="tests.test_laravel_crm.TestCallList" name="test_call_list_ordered" time="0.043" /><testcase classname="tests.test_laravel_crm.TestWebhook" name="test_webhook_no_auth" time="0.053" /><testcase classname="tests.test_laravel_crm.TestBulkImport" name="test_preview_and_commit" time="0.102" /><testcase classname="tests.test_section_t.TestPerformance" name="test_performance_shape" time="0.029" /><testcase classname="tests.test_phase_b.TestSlots" name="test_slots_shape" time="0.009" /></testsuite></testsuites>