<?xml version="1.0" encoding="utf-8"?><testsuites name="pytest tests"><testsuite name="pytest" errors="0" failures="0" skipped="0" tests="8" time="1.717" timestamp="2026-08-09T06:25:19.038189+00:00" hostname="agent-env-1c6bb7a7-4238-4cbe-a25a-3b41d26d1833"><testcase classname="tests.test_section_t.TestSystemHealth" name="test_health_shape" time="0.530" /><testcase classname="tests.test_section_t.TestAuditLogs" name="test_audit_index_shape" time="0.539" /><testcase classname="tests.test_section_t.TestSystemHealth" name="test_health_integrations_all_mock" time="0.017" /><testcase classname="tests.test_section_t.TestAuditLogs" name="test_audit_generated_by_lead_action" time="0.331" /><testcase classname="tests.test_section_t.TestRbac" name="test_marketing_can_access_all_three" time="0.346" /><testcase classname="tests.test_section_t.TestAuditLogs" name="test_audit_filter_action" time="0.015" /><testcase classname="tests.test_section_t.TestPerformance" name="test_performance_shape" time="0.014" /><testcase classname="tests.test_section_t.TestRbac" name="test_sales_exec_forbidden" time="0.300" /></testsuite></testsuites>