<?xml version="1.0" encoding="utf-8"?><testsuites name="pytest tests"><testsuite name="pytest" errors="0" failures="0" skipped="0" tests="58" time="3.323" timestamp="2026-08-09T04:08:16.175522+00:00" hostname="agent-env-1c6bb7a7-4238-4cbe-a25a-3b41d26d1833"><testcase classname="tests.test_section_l.TestPaymentPlans" name="test_list_seeded_plans" time="0.258" /><testcase classname="tests.test_section_l.TestPaymentPlans" name="test_admin_can_create_plan" time="0.010" /><testcase classname="tests.test_section_l.TestPaymentPlans" name="test_exec_forbidden_to_create_plan" time="0.254" /><testcase classname="tests.test_section_l.TestCostSheetMath" name="test_within_5_auto_approved" time="0.050" /><testcase classname="tests.test_section_l.TestCostSheetMath" name="test_over_5_pending_creates_approval" time="0.030" /><testcase classname="tests.test_section_l.TestCostSheetMath" name="test_over_10_band" time="0.024" /><testcase classname="tests.test_section_l.TestApprovalsAndProposals" name="test_proposal_gated_when_pending" time="0.031" /><testcase classname="tests.test_section_l.TestApprovalsAndProposals" name="test_exec_forbidden_to_decide" time="0.037" /><testcase classname="tests.test_section_l.TestApprovalsAndProposals" name="test_manager_approves" time="0.304" /><testcase classname="tests.test_section_l.TestApprovalsAndProposals" name="test_manager_rejects" time="0.042" /><testcase classname="tests.test_section_l.TestApprovalsAndProposals" name="test_counter_recomputes" time="0.054" /><testcase classname="tests.test_section_l.TestApprovalsAndProposals" name="test_full_proposal_flow" time="0.091" /><testcase classname="tests.test_section_l.TestSelectPlanShareList" name="test_select_plan_and_share" time="0.053" /><testcase classname="tests.test_section_l.TestSelectPlanShareList" name="test_lead_cost_sheet_listing" time="0.012" /><testcase classname="tests.test_laravel_crm.TestAuth" name="test_admin_login_role_perms" time="0.244" /><testcase classname="tests.test_laravel_crm.TestAuth" name="test_me_endpoint" time="0.008" /><testcase classname="tests.test_laravel_crm.TestAuth" name="test_invalid_credentials_422" time="0.241" /><testcase classname="tests.test_laravel_crm.TestDashboard" name="test_dashboard_fields" time="0.011" /><testcase classname="tests.test_laravel_crm.TestLeadCapture" name="test_lead_created_with_new_lead_status" time="0.016" /><testcase classname="tests.test_laravel_crm.TestLeadCapture" name="test_verify_task_created" time="0.017" /><testcase classname="tests.test_laravel_crm.TestLeadCapture" name="test_missing_email_and_phone_422" time="0.008" /><testcase classname="tests.test_laravel_crm.TestDuplicate" name="test_duplicate_returns_409" time="0.017" /><testcase classname="tests.test_laravel_crm.TestDuplicate" name="test_duplicate_force" time="0.028" /><testcase classname="tests.test_laravel_crm.TestDuplicate" name="test_check_duplicate_endpoint" time="0.008" /><testcase classname="tests.test_laravel_crm.TestQualify" name="test_qualify_updates_score_status" time="0.029" /><testcase classname="tests.test_laravel_crm.TestTransition" name="test_transition_interested" time="0.024" /><testcase classname="tests.test_laravel_crm.TestTransition" name="test_automation_logs_status_changed" time="0.010" /><testcase classname="tests.test_laravel_crm.TestTransition" name="test_downgrade_blocked_for_exec" time="0.076" /><testcase classname="tests.test_laravel_crm.TestComms" name="test_call_log_no_answer" time="0.019" /><testcase classname="tests.test_laravel_crm.TestComms" name="test_whatsapp_mock" time="0.013" /><testcase classname="tests.test_laravel_crm.TestComms" name="test_email_mock" time="0.014" /><testcase classname="tests.test_laravel_crm.TestCallList" name="test_call_list_ordered" time="0.011" /><testcase classname="tests.test_laravel_crm.TestBulkImport" name="test_preview_and_commit" time="0.040" /><testcase classname="tests.test_laravel_crm" name="test_config_lists[/scoring-rules]" time="0.009" /><testcase classname="tests.test_laravel_crm" name="test_config_lists[/automation-rules]" time="0.008" /><testcase classname="tests.test_laravel_crm" name="test_config_lists[/templates]" time="0.008" /><testcase classname="tests.test_laravel_crm" name="test_config_lists[/sequences]" time="0.009" /><testcase classname="tests.test_laravel_crm" name="test_config_lists[/users]" time="0.009" /><testcase classname="tests.test_laravel_crm" name="test_config_lists[/roles]" time="0.008" /><testcase classname="tests.test_laravel_crm.TestWebhook" name="test_webhook_no_auth" time="0.024" /><testcase classname="tests.test_phase_b.TestInventory" name="test_tree_shape_and_counts" time="0.013" /><testcase classname="tests.test_phase_b.TestInventory" name="test_available_plots_only_available" time="0.022" /><testcase classname="tests.test_phase_b.TestPlotPhaseCrud" name="test_plot_create_update_delete_admin" time="0.054" /><testcase classname="tests.test_phase_b.TestPlotPhaseCrud" name="test_plot_create_forbidden_for_exec" time="0.020" /><testcase classname="tests.test_phase_b.TestPlotPhaseCrud" name="test_phase_create_update_admin" time="0.031" /><testcase classname="tests.test_phase_b.TestPlotPhaseCrud" name="test_phase_create_forbidden_for_exec" time="0.020" /><testcase classname="tests.test_phase_b.TestSlots" name="test_slots_shape" time="0.008" /><testcase classname="tests.test_phase_b.TestSiteVisitFlow" name="test_schedule_moves_lead_and_creates_task" time="0.102" /><testcase classname="tests.test_phase_b.TestSiteVisitFlow" name="test_slot_marked_unavailable_after_schedule" time="0.067" /><testcase classname="tests.test_phase_b.TestSiteVisitFlow" name="test_confirm_checkin_checkout" time="0.098" /><testcase classname="tests.test_phase_b.TestSiteVisitFlow" name="test_outcome_interested_handover_and_hold" time="0.129" /><testcase classname="tests.test_phase_b.TestSiteVisitFlow" name="test_outcome_considering" time="0.106" /><testcase classname="tests.test_phase_b.TestSiteVisitFlow" name="test_outcome_not_interested" time="0.092" /><testcase classname="tests.test_phase_b.TestSiteVisitFlow" name="test_reschedule_escalation" time="0.128" /><testcase classname="tests.test_phase_b.TestSiteVisitFlow" name="test_no_show" time="0.099" /><testcase classname="tests.test_phase_b.TestSiteVisitFlow" name="test_cancel" time="0.075" /><testcase classname="tests.test_phase_b.TestSiteVisitList" name="test_upcoming_filter" time="0.011" /><testcase classname="tests.test_phase_b.TestSiteVisitList" name="test_filter_by_status" time="0.011" /></testsuite></testsuites>