<?xml version="1.0" encoding="utf-8"?><testsuites name="pytest tests"><testsuite name="pytest" errors="0" failures="0" skipped="0" tests="10" time="2.208" timestamp="2026-08-09T07:08:07.639441+00:00" hostname="agent-env-1c6bb7a7-4238-4cbe-a25a-3b41d26d1833"><testcase classname="tests.test_section_s.TestSlaEscalation" name="test_verify_task_2h_breach_escalates_to_manager" time="1.176" /><testcase classname="tests.test_section_s.TestStatusChangedEvents" name="test_interested_creates_qualify_task_and_email" time="0.651" /><testcase classname="tests.test_section_s.TestStatusChangedEvents" name="test_opportunity_creates_handover_task_and_email" time="0.127" /><testcase classname="tests.test_section_s.TestStatusChangedEvents" name="test_negotiation_creates_proposal_task_and_whatsapp" time="0.121" /><testcase classname="tests.test_section_s.TestStatusChangedEvents" name="test_won_creates_onboarding_task_and_email" time="0.168" /><testcase classname="tests.test_section_s.TestStatusChangedEvents" name="test_not_interested_pauses_sequence" time="0.114" /><testcase classname="tests.test_section_s.TestSlaEscalation" name="test_overdue_follow_up_escalates_to_manager" time="0.448" /><testcase classname="tests.test_section_s.TestStatusChangedEvents" name="test_lost_pauses_sequence" time="0.110" /><testcase classname="tests.test_section_s.TestStatusChangedEvents" name="test_no_failed_logs_across_events" time="0.009" /><testcase classname="tests.test_section_s.TestLeadCreatedEvent" name="test_lead_created_fires_welcome_whatsapp_and_verify_task" time="0.051" /></testsuite></testsuites>