<?xml version="1.0" encoding="utf-8"?><testsuites name="pytest tests"><testsuite name="pytest" errors="0" failures="0" skipped="0" tests="12" time="2.081" timestamp="2026-08-09T05:50:53.020884+00:00" hostname="agent-env-1c6bb7a7-4238-4cbe-a25a-3b41d26d1833"><testcase classname="tests.test_section_n.TestSectionN" name="test_login" time="0.247" /><testcase classname="tests.test_section_n.TestSectionN" name="test_won_verify_paytoken_confirms_booking" time="0.110" /><testcase classname="tests.test_section_n.TestSectionN" name="test_pay_token_creates_receipt_and_welcome_and_checklist" time="0.115" /><testcase classname="tests.test_section_n.TestSectionN" name="test_welcome_letter_idempotent" time="0.123" /><testcase classname="tests.test_section_n.TestSectionN" name="test_record_milestone_payment_creates_serial_receipt" time="0.115" /><testcase classname="tests.test_section_n.TestSectionN" name="test_verify_payment" time="0.136" /><testcase classname="tests.test_section_n.TestSectionN" name="test_reconcile_matched_and_discrepancy" time="0.162" /><testcase classname="tests.test_section_n.TestSectionN" name="test_reconciliation_dashboard" time="0.011" /><testcase classname="tests.test_section_n.TestSectionN" name="test_documents_update_flow" time="0.139" /><testcase classname="tests.test_section_n.TestSectionN" name="test_rahul_forbidden_from_postsales" time="0.389" /><testcase classname="tests.test_section_n.TestSectionN" name="test_cs_can_record_but_not_create_leads" time="0.369" /><testcase classname="tests.test_section_n.TestSectionN" name="test_regression_lead_locked_after_won" time="0.121" /></testsuite></testsuites>