<?xml version="1.0" encoding="utf-8"?><testsuites name="pytest tests"><testsuite name="pytest" errors="0" failures="1" skipped="0" tests="7" time="1.546" timestamp="2026-08-09T04:45:19.279376+00:00" hostname="agent-env-1c6bb7a7-4238-4cbe-a25a-3b41d26d1833"><testcase classname="tests.test_section_m" name="test_won_creates_booking_and_locks_lead" time="1.062"><failure message="AssertionError: {'id': 13, 'contact_id': None, 'name': 'TEST_M_5f69e271', 'email': 'test_m_5f69e271@example.com', ...}&#10;assert {'id': 8, 'name': 'Won', 'slug': 'won', 'sort_order': 8, ...} == 'won'">backend/tests/test_section_m.py:61: in test_won_creates_booking_and_locks_lead
    assert stage == "won", lead
E   AssertionError: {'id': 13, 'contact_id': None, 'name': 'TEST_M_5f69e271', 'email': 'test_m_5f69e271@example.com', ...}
E   assert {'id': 8, 'name': 'Won', 'slug': 'won', 'sort_order': 8, ...} == 'won'</failure></testcase><testcase classname="tests.test_section_m" name="test_lock_blocks_sales_exec_and_allows_cs" time="0.107" /><testcase classname="tests.test_section_m" name="test_public_booking_form_get_and_submit" time="0.104" /><testcase classname="tests.test_section_m" name="test_lost_sets_reason_and_releases" time="0.049" /><testcase classname="tests.test_section_m" name="test_bookings_list_and_show" time="0.076" /><testcase classname="tests.test_section_m" name="test_rbac_marketing_cannot_won" time="0.038" /><testcase classname="tests.test_section_m" name="test_rahul_can_initiate_won" time="0.057" /></testsuite></testsuites>