<?xml version="1.0" encoding="utf-8"?><testsuites name="pytest tests"><testsuite name="pytest" errors="0" failures="0" skipped="0" tests="15" time="4.292" timestamp="2026-08-09T06:09:31.365957+00:00" hostname="agent-env-1c6bb7a7-4238-4cbe-a25a-3b41d26d1833"><testcase classname="tests.test_section_opq.TestAllotmentAndAFS" name="test_allotment_auto_at_10pct" time="0.774" /><testcase classname="tests.test_section_opq.TestMilestones" name="test_schedule_generated_after_token" time="0.783" /><testcase classname="tests.test_section_opq.TestAllotmentAndAFS" name="test_allotment_idempotent" time="0.278" /><testcase classname="tests.test_section_opq.TestMilestones" name="test_pay_milestone_neft" time="0.590" /><testcase classname="tests.test_section_opq.TestAllotmentAndAFS" name="test_afs_full_lifecycle" time="0.509" /><testcase classname="tests.test_section_opq.TestMilestones" name="test_pay_partial" time="0.492" /><testcase classname="tests.test_section_opq.TestAllotmentAndAFS" name="test_afs_rbac" time="0.675" /><testcase classname="tests.test_section_opq.TestMilestones" name="test_rbac_pay_requires_postsales_manage" time="0.362" /><testcase classname="tests.test_section_opq.TestCollections" name="test_dashboard_shape" time="0.017" /><testcase classname="tests.test_section_opq.TestDemandLetters" name="test_generate_and_interest" time="0.574" /><testcase classname="tests.test_section_opq.TestCollections" name="test_exec_can_read_collections" time="0.038" /><testcase classname="tests.test_section_opq.TestCollections" name="test_overdue_aging_bucket" time="0.630" /><testcase classname="tests.test_section_opq.TestDemandLetters" name="test_422_on_not_overdue" time="0.209" /><testcase classname="tests.test_section_opq.TestDemandLetters" name="test_deliver_and_escalate" time="0.384" /><testcase classname="tests.test_section_opq.TestDemandLetters" name="test_rbac_demand_mutations" time="0.316" /></testsuite></testsuites>