<?xml version="1.0" encoding="utf-8"?><testsuites name="pytest tests"><testsuite name="pytest" errors="0" failures="0" skipped="0" tests="12" time="3.055" timestamp="2026-08-09T07:33:26.313978+00:00" hostname="agent-env-1c6bb7a7-4238-4cbe-a25a-3b41d26d1833"><testcase classname="tests.test_section_r2_automation.TestAutomationCRUD" name="test_index_ok" time="0.552" /><testcase classname="tests.test_section_r2_automation.TestStakeholders" name="test_add_and_primary_demotes" time="0.817" /><testcase classname="tests.test_section_r2_automation.TestAutomationCRUD" name="test_exec_forbidden_on_create" time="0.272" /><testcase classname="tests.test_section_r2_automation.TestAutomationCRUD" name="test_crud_lifecycle" time="0.113" /><testcase classname="tests.test_section_r2_automation.TestStakeholders" name="test_remove_by_index" time="0.113" /><testcase classname="tests.test_section_r2_automation.TestAutomationCRUD" name="test_created_rule_fires_on_status_change" time="1.477" /><testcase classname="tests.test_section_r2_automation.TestStakeholders" name="test_exec_can_add_stakeholder" time="0.333" /><testcase classname="tests.test_section_r2_automation.TestConcurrencyDedup" name="test_parallel_identical_creates_collapse_to_one" time="0.127" /><testcase classname="tests.test_section_r2_automation.TestConcurrencyDedup" name="test_sequential_duplicate_blocked" time="0.037" /><testcase classname="tests.test_section_r2_automation.TestConcurrencyDedup" name="test_force_duplicate_creates_new" time="0.054" /><testcase classname="tests.test_section_r2_automation.TestInterestedUnits" name="test_set_and_dedup" time="0.038" /><testcase classname="tests.test_section_r2_automation.TestSwitchProject" name="test_switch_project_updates_and_audits" time="0.060" /></testsuite></testsuites>