<?xml version="1.0" encoding="utf-8"?><testsuites name="pytest tests"><testsuite name="pytest" errors="0" failures="0" skipped="0" tests="5" time="9.196" timestamp="2026-08-17T11:12:45.178087+00:00" hostname="agent-env-1c6bb7a7-4238-4cbe-a25a-3b41d26d1833"><testcase classname="tests.test_reschedule_wave40" name="test_bdm_dashboard_reschedule_requests_and_calendar_visit_id" time="0.768" /><testcase classname="tests.test_reschedule_wave40" name="test_confirm_reschedule_channel_partner_forbidden" time="0.666" /><testcase classname="tests.test_reschedule_wave40" name="test_calendar_drag_reschedule_moves_visit_and_restarts_engagement" time="0.957" /><testcase classname="tests.test_reschedule_wave40" name="test_webhook_resched_button_creates_task_then_date_annotates_proposed_at" time="3.730" /><testcase classname="tests.test_reschedule_wave40" name="test_one_tap_confirm_reschedule_moves_visit_and_completes" time="3.059" /></testsuite></testsuites>