<?xml version="1.0" encoding="utf-8"?><testsuites name="pytest tests"><testsuite name="pytest" errors="0" failures="0" skipped="0" tests="7" time="2.705" timestamp="2026-08-11T10:33:25.638285+00:00" hostname="agent-env-1c6bb7a7-4238-4cbe-a25a-3b41d26d1833"><testcase classname="tests.test_wave3_integrations_calls" name="test_integrations_index_admin_returns_meta_whatsapp" time="0.489" /><testcase classname="tests.test_wave3_integrations_calls" name="test_integrations_index_bde_forbidden" time="0.465" /><testcase classname="tests.test_wave3_integrations_calls" name="test_whatsapp_templates_sync_admin" time="0.128" /><testcase classname="tests.test_wave3_integrations_calls" name="test_whatsapp_templates_sync_bde_forbidden" time="0.121" /><testcase classname="tests.test_wave3_integrations_calls" name="test_click_to_call_creates_call_row" time="0.385" /><testcase classname="tests.test_wave3_integrations_calls" name="test_telephony_webhook_updates_call_and_logs_activity" time="0.448" /><testcase classname="tests.test_wave3_integrations_calls" name="test_telephony_webhook_no_match_still_200" time="0.113" /></testsuite></testsuites>