<?xml version="1.0" encoding="utf-8"?><testsuites name="pytest tests"><testsuite name="pytest" errors="0" failures="1" skipped="0" tests="15" time="4.404" timestamp="2026-08-10T00:19:20.227115+00:00" hostname="agent-env-1c6bb7a7-4238-4cbe-a25a-3b41d26d1833"><testcase classname="tests.test_wave1_features.TestReportsRBAC" name="test_sales_head_access" time="3.576" /><testcase classname="tests.test_wave1_features.TestNotifications" name="test_index_shape" time="3.540" /><testcase classname="tests.test_wave1_features.TestNotifications" name="test_unread_count" time="0.027" /><testcase classname="tests.test_wave1_features.TestNotifications" name="test_scoped_to_user" time="0.035" /><testcase classname="tests.test_wave1_features.TestReportsRBAC" name="test_accounts_head_access" time="0.052" /><testcase classname="tests.test_wave1_features.TestNotifications" name="test_mark_read_ownership" time="0.079" /><testcase classname="tests.test_wave1_features.TestReportsRBAC" name="test_legal_head_access" time="0.078" /><testcase classname="tests.test_wave1_features.TestNotifications" name="test_mark_all_read" time="0.030" /><testcase classname="tests.test_wave1_features.TestReportsRBAC" name="test_crm_head_access" time="0.066" /><testcase classname="tests.test_wave1_features.TestReportsShape" name="test_sales_shape" time="0.019" /><testcase classname="tests.test_wave1_features.TestReportsShape" name="test_financial_shape" time="0.030" /><testcase classname="tests.test_wave1_features.TestReportsShape" name="test_activity_shape" time="0.017" /><testcase classname="tests.test_wave1_features.TestReportsRBAC" name="test_bde_forbidden_all" time="0.045" /><testcase classname="tests.test_wave1_features.TestReportsShape" name="test_sales_csv_export" time="0.018" /><testcase classname="tests.test_wave1_features.TestPaymentFlow" name="test_payment_creates_notification_and_receipt" time="0.070"><failure message="AssertionError: no payment id in resp: {'payment': {'id': 174, 'booking_id': 148, 'lead_id': 413, 'type': 'token', 'amount': 1234, 'method': 'upi', 'reference': 'QA-TEST-9c3433c0', 'gateway': 'manual', 'gateway_ref': None, 'status': 'received', 'receipt_no': 'RCPT-2026-00173', 'receipt_issued_at': '2026-08-10T00:19:24.000000Z', 'received_at': '2026-08-10T00:19:24.000000Z', 'verified_at': None, 'verified_by': None, 'reconciled_at': None, 'reconciled_by': None, 'reconcile_note': None, 'failure_reason': None, 'meta': None, 'created_at': '2026-08-10T00:19:24.000000Z', 'updated_at': '2026-08-10T00:19:24.000000Z'}}&#10;assert None">backend/tests/test_wave1_features.py:181: in test_payment_creates_notification_and_receipt
    assert payment_id, f"no payment id in resp: {pay}"
E   AssertionError: no payment id in resp: {'payment': {'id': 174, 'booking_id': 148, 'lead_id': 413, 'type': 'token', 'amount': 1234, 'method': 'upi', 'reference': 'QA-TEST-9c3433c0', 'gateway': 'manual', 'gateway_ref': None, 'status': 'received', 'receipt_no': 'RCPT-2026-00173', 'receipt_issued_at': '2026-08-10T00:19:24.000000Z', 'received_at': '2026-08-10T00:19:24.000000Z', 'verified_at': None, 'verified_by': None, 'reconciled_at': None, 'reconciled_by': None, 'reconcile_note': None, 'failure_reason': None, 'meta': None, 'created_at': '2026-08-10T00:19:24.000000Z', 'updated_at': '2026-08-10T00:19:24.000000Z'}}
E   assert None</failure></testcase></testsuite></testsuites>