<?xml version="1.0" encoding="utf-8"?><testsuites name="pytest tests"><testsuite name="pytest" errors="0" failures="0" skipped="0" tests="11" time="8.490" timestamp="2026-08-17T10:43:31.870545+00:00" hostname="agent-env-1c6bb7a7-4238-4cbe-a25a-3b41d26d1833"><testcase classname="tests.test_bdm_wave39.TestClosingStageNudges" name="test_transition_creates_high_priority_task[OPP_PRICING_SHEET]" time="4.788" /><testcase classname="tests.test_bdm_wave39.TestRescheduleWebhook" name="test_active_engagement_exists_before" time="3.764" /><testcase classname="tests.test_bdm_wave39.TestRescheduleWebhook" name="test_resched_button_pauses_engagement_and_creates_task" time="0.491" /><testcase classname="tests.test_bdm_wave39.TestRescheduleWebhook" name="test_followup_text_updates_task_and_logs_activity" time="0.497" /><testcase classname="tests.test_bdm_wave39.TestBdmDashboardCalendar" name="test_bdm_has_calendar" time="0.140" /><testcase classname="tests.test_bdm_wave39.TestClosingStageNudges" name="test_transition_creates_high_priority_task[OPP_NEGOTIATION]" time="1.379" /><testcase classname="tests.test_bdm_wave39.TestBdmDashboardCalendar" name="test_bdm_dashboard_forbidden_for_cp" time="0.135" /><testcase classname="tests.test_bdm_wave39.TestJourneyStatusesBdm" name="test_bdm_group_pricing_negotiation_final_have_wa" time="0.172" /><testcase classname="tests.test_bdm_wave39.TestRescheduleRestartsLoop" name="test_reschedule_via_api_starts_new_engagement" time="0.891" /><testcase classname="tests.test_bdm_wave39.TestClosingStageNudges" name="test_transition_creates_high_priority_task[OPP_FINAL_CALL]" time="1.679" /><testcase classname="tests.test_bdm_wave39.TestAdminDashboard" name="test_admin_dashboard_shape" time="0.127" /></testsuite></testsuites>