<?xml version="1.0" encoding="utf-8"?><testsuites name="pytest tests"><testsuite name="pytest" errors="0" failures="0" skipped="0" tests="4" time="2.277" timestamp="2026-08-20T20:38:40.072705+00:00" hostname="agent-env-1c6bb7a7-4238-4cbe-a25a-3b41d26d1833"><testcase classname="tests.test_lead_journey_wave41.TestPublicEnquiryCapture" name="test_schema_reachable" time="0.014" /><testcase classname="tests.test_lead_journey_wave41.TestLeadJourneyEngine" name="test_full_journey_fires_all_touchpoints_and_handoffs" time="0.341" /><testcase classname="tests.test_lead_journey_wave41.TestPublicEnquiryCapture" name="test_submit_creates_lead_with_full_side_effects" time="0.775" /><testcase classname="tests.test_lead_journey_wave41.TestStaffLoginRegression" name="test_all_roles_can_login" time="1.011" /></testsuite></testsuites>