<?xml version="1.0" encoding="utf-8"?><testsuites name="pytest tests"><testsuite name="pytest" errors="0" failures="0" skipped="0" tests="6" time="2.217" timestamp="2026-08-10T10:14:37.472338+00:00" hostname="agent-env-1c6bb7a7-4238-4cbe-a25a-3b41d26d1833"><testcase classname="tests.test_webcapture.TestChatbots" name="test_list_chatbots_admin" time="0.709" /><testcase classname="tests.test_webcapture.TestForms" name="test_list_forms_admin" time="0.719" /><testcase classname="tests.test_webcapture.TestChatbots" name="test_chatbots_rbac_forbidden_bde" time="0.572" /><testcase classname="tests.test_webcapture.TestForms" name="test_forms_rbac_forbidden_bde" time="0.571" /><testcase classname="tests.test_webcapture.TestChatbots" name="test_create_chatbot_and_public_flow" time="0.109" /><testcase classname="tests.test_webcapture.TestForms" name="test_create_and_public_submit_form" time="0.154" /></testsuite></testsuites>