<?xml version="1.0" encoding="utf-8"?><testsuites name="pytest tests"><testsuite name="pytest" errors="0" failures="0" skipped="0" tests="10" time="1.499" timestamp="2026-08-09T09:02:56.700316+00:00" hostname="agent-env-1c6bb7a7-4238-4cbe-a25a-3b41d26d1833"><testcase classname="tests.whatsapp_test" name="test_conversations_shape" time="0.260" /><testcase classname="tests.whatsapp_test" name="test_simulate_inbound_and_thread" time="0.073" /><testcase classname="tests.whatsapp_test" name="test_window_enforcement" time="0.213" /><testcase classname="tests.whatsapp_test" name="test_mark_read_assign_toggle" time="0.048" /><testcase classname="tests.whatsapp_test" name="test_auto_reply_crud_and_fire" time="0.066" /><testcase classname="tests.whatsapp_test" name="test_broadcast_create_and_send" time="0.177" /><testcase classname="tests.whatsapp_test" name="test_webhook_verify" time="0.017" /><testcase classname="tests.whatsapp_test" name="test_webhook_post_inbound_creates_lead" time="0.043" /><testcase classname="tests.whatsapp_test" name="test_rbac_channel_partner_forbidden" time="0.253" /><testcase classname="tests.whatsapp_test" name="test_rbac_sales_exec_config" time="0.275" /></testsuite></testsuites>